INFO - 2024-09-06 02:00:19 --> Session: Class initialized using 'CodeIgniter\Session\Handlers\FileHandler' driver.
ERROR - 2024-09-06 02:00:23 --> Error connecting to the database: mysqli_sql_exception: No connection could be made because the target machine actively refused it in D:\company profile\dkcraft.kadinkotamalang.com\dkcraft.kadinkotamalang.com\36\system\Database\MySQLi\Connection.php:173
Stack trace:
#0 D:\company profile\dkcraft.kadinkotamalang.com\dkcraft.kadinkotamalang.com\36\system\Database\MySQLi\Connection.php(173): mysqli->real_connect('localhost', 'root', Object(SensitiveParameterValue), 'u1658729_tigapu...', 3306, '', 0)
#1 D:\company profile\dkcraft.kadinkotamalang.com\dkcraft.kadinkotamalang.com\36\system\Database\BaseConnection.php(391): CodeIgniter\Database\MySQLi\Connection->connect(false)
#2 D:\company profile\dkcraft.kadinkotamalang.com\dkcraft.kadinkotamalang.com\36\system\Database\BaseConnection.php(574): CodeIgniter\Database\BaseConnection->initialize()
#3 D:\company profile\dkcraft.kadinkotamalang.com\dkcraft.kadinkotamalang.com\36\system\Database\BaseBuilder.php(1616): CodeIgniter\Database\BaseConnection->query('SELECT *\nFROM `...', Array, false)
#4 D:\company profile\dkcraft.kadinkotamalang.com\dkcraft.kadinkotamalang.com\36\system\Model.php(241): CodeIgniter\Database\BaseBuilder->get()
#5 D:\company profile\dkcraft.kadinkotamalang.com\dkcraft.kadinkotamalang.com\36\system\BaseModel.php(618): CodeIgniter\Model->doFindAll(0, 0)
#6 D:\company profile\dkcraft.kadinkotamalang.com\dkcraft.kadinkotamalang.com\36\app\Controllers\user\Homectrl.php(31): CodeIgniter\BaseModel->findAll()
#7 D:\company profile\dkcraft.kadinkotamalang.com\dkcraft.kadinkotamalang.com\36\system\CodeIgniter.php(932): App\Controllers\user\Homectrl->index()
#8 D:\company profile\dkcraft.kadinkotamalang.com\dkcraft.kadinkotamalang.com\36\system\CodeIgniter.php(497): CodeIgniter\CodeIgniter->runController(Object(App\Controllers\user\Homectrl))
#9 D:\company profile\dkcraft.kadinkotamalang.com\dkcraft.kadinkotamalang.com\36\system\CodeIgniter.php(366): CodeIgniter\CodeIgniter->handleRequest(NULL, Object(Config\Cache), false)
#10 D:\company profile\dkcraft.kadinkotamalang.com\dkcraft.kadinkotamalang.com\36\public\index.php(67): CodeIgniter\CodeIgniter->run()
#11 D:\company profile\dkcraft.kadinkotamalang.com\dkcraft.kadinkotamalang.com\36\system\Commands\Server\rewrite.php(47): require_once('D:\\company prof...')
#12 {main}

Next CodeIgniter\Database\Exceptions\DatabaseException: No connection could be made because the target machine actively refused it in D:\company profile\dkcraft.kadinkotamalang.com\dkcraft.kadinkotamalang.com\36\system\Database\MySQLi\Connection.php:218
Stack trace:
#0 D:\company profile\dkcraft.kadinkotamalang.com\dkcraft.kadinkotamalang.com\36\system\Database\BaseConnection.php(391): CodeIgniter\Database\MySQLi\Connection->connect(false)
#1 D:\company profile\dkcraft.kadinkotamalang.com\dkcraft.kadinkotamalang.com\36\system\Database\BaseConnection.php(574): CodeIgniter\Database\BaseConnection->initialize()
#2 D:\company profile\dkcraft.kadinkotamalang.com\dkcraft.kadinkotamalang.com\36\system\Database\BaseBuilder.php(1616): CodeIgniter\Database\BaseConnection->query('SELECT *\nFROM `...', Array, false)
#3 D:\company profile\dkcraft.kadinkotamalang.com\dkcraft.kadinkotamalang.com\36\system\Model.php(241): CodeIgniter\Database\BaseBuilder->get()
#4 D:\company profile\dkcraft.kadinkotamalang.com\dkcraft.kadinkotamalang.com\36\system\BaseModel.php(618): CodeIgniter\Model->doFindAll(0, 0)
#5 D:\company profile\dkcraft.kadinkotamalang.com\dkcraft.kadinkotamalang.com\36\app\Controllers\user\Homectrl.php(31): CodeIgniter\BaseModel->findAll()
#6 D:\company profile\dkcraft.kadinkotamalang.com\dkcraft.kadinkotamalang.com\36\system\CodeIgniter.php(932): App\Controllers\user\Homectrl->index()
#7 D:\company profile\dkcraft.kadinkotamalang.com\dkcraft.kadinkotamalang.com\36\system\CodeIgniter.php(497): CodeIgniter\CodeIgniter->runController(Object(App\Controllers\user\Homectrl))
#8 D:\company profile\dkcraft.kadinkotamalang.com\dkcraft.kadinkotamalang.com\36\system\CodeIgniter.php(366): CodeIgniter\CodeIgniter->handleRequest(NULL, Object(Config\Cache), false)
#9 D:\company profile\dkcraft.kadinkotamalang.com\dkcraft.kadinkotamalang.com\36\public\index.php(67): CodeIgniter\CodeIgniter->run()
#10 D:\company profile\dkcraft.kadinkotamalang.com\dkcraft.kadinkotamalang.com\36\system\Commands\Server\rewrite.php(47): require_once('D:\\company prof...')
#11 {main}
CRITICAL - 2024-09-06 02:00:23 --> Unable to connect to the database.
Main connection [MySQLi]: No connection could be made because the target machine actively refused it
in SYSTEMPATH\Database\BaseConnection.php on line 427.
 1 SYSTEMPATH\Database\BaseConnection.php(574): CodeIgniter\Database\BaseConnection->initialize()
 2 SYSTEMPATH\Database\BaseBuilder.php(1616): CodeIgniter\Database\BaseConnection->query('SELECT *
FROM `tb_profil`', [], false)
 3 SYSTEMPATH\Model.php(241): CodeIgniter\Database\BaseBuilder->get()
 4 SYSTEMPATH\BaseModel.php(618): CodeIgniter\Model->doFindAll(0, 0)
 5 APPPATH\Controllers\user\Homectrl.php(31): CodeIgniter\BaseModel->findAll()
 6 SYSTEMPATH\CodeIgniter.php(932): App\Controllers\user\Homectrl->index()
 7 SYSTEMPATH\CodeIgniter.php(497): CodeIgniter\CodeIgniter->runController(Object(App\Controllers\user\Homectrl))
 8 SYSTEMPATH\CodeIgniter.php(366): CodeIgniter\CodeIgniter->handleRequest(null, Object(Config\Cache), false)
 9 FCPATH\index.php(67): CodeIgniter\CodeIgniter->run()
10 SYSTEMPATH\Commands\Server\rewrite.php(47): require_once('D:\\company profile\\dkcraft.kadinkotamalang.com\\dkcraft.kadinkotamalang.com\\36\\public\\index.php')
INFO - 2024-09-06 02:00:36 --> Session: Class initialized using 'CodeIgniter\Session\Handlers\FileHandler' driver.
INFO - 2024-09-06 02:00:41 --> Session: Class initialized using 'CodeIgniter\Session\Handlers\FileHandler' driver.
