INFO - 2024-08-06 01:51:09 --> Session: Class initialized using 'CodeIgniter\Session\Handlers\FileHandler' driver.
ERROR - 2024-08-06 01:51:09 --> Error connecting to the database: mysqli_sql_exception: Access denied for user 'u1658729_tigapuluhenam'@'localhost' (using password: YES) in D:\company profile\dkcraft.kadinkotamalang.com\dkcraft.kadinkotamalang.com\36\system\Database\MySQLi\Connection.php:173
Stack trace:
#0 D:\company profile\dkcraft.kadinkotamalang.com\dkcraft.kadinkotamalang.com\36\system\Database\MySQLi\Connection.php(173): mysqli->real_connect('localhost', 'u1658729_tigapu...', Object(SensitiveParameterValue), 'u1658729_tigapu...', 3306, '', 0)
#1 D:\company profile\dkcraft.kadinkotamalang.com\dkcraft.kadinkotamalang.com\36\system\Database\BaseConnection.php(391): CodeIgniter\Database\MySQLi\Connection->connect(false)
#2 D:\company profile\dkcraft.kadinkotamalang.com\dkcraft.kadinkotamalang.com\36\system\Database\BaseConnection.php(574): CodeIgniter\Database\BaseConnection->initialize()
#3 D:\company profile\dkcraft.kadinkotamalang.com\dkcraft.kadinkotamalang.com\36\system\Database\BaseBuilder.php(1616): CodeIgniter\Database\BaseConnection->query('SELECT *\nFROM `...', Array, false)
#4 D:\company profile\dkcraft.kadinkotamalang.com\dkcraft.kadinkotamalang.com\36\system\Model.php(241): CodeIgniter\Database\BaseBuilder->get()
#5 D:\company profile\dkcraft.kadinkotamalang.com\dkcraft.kadinkotamalang.com\36\system\BaseModel.php(618): CodeIgniter\Model->doFindAll(0, 0)
#6 D:\company profile\dkcraft.kadinkotamalang.com\dkcraft.kadinkotamalang.com\36\app\Controllers\user\Homectrl.php(28): CodeIgniter\BaseModel->findAll()
#7 D:\company profile\dkcraft.kadinkotamalang.com\dkcraft.kadinkotamalang.com\36\system\CodeIgniter.php(932): App\Controllers\user\Homectrl->index()
#8 D:\company profile\dkcraft.kadinkotamalang.com\dkcraft.kadinkotamalang.com\36\system\CodeIgniter.php(497): CodeIgniter\CodeIgniter->runController(Object(App\Controllers\user\Homectrl))
#9 D:\company profile\dkcraft.kadinkotamalang.com\dkcraft.kadinkotamalang.com\36\system\CodeIgniter.php(366): CodeIgniter\CodeIgniter->handleRequest(NULL, Object(Config\Cache), false)
#10 D:\company profile\dkcraft.kadinkotamalang.com\dkcraft.kadinkotamalang.com\36\public\index.php(67): CodeIgniter\CodeIgniter->run()
#11 D:\company profile\dkcraft.kadinkotamalang.com\dkcraft.kadinkotamalang.com\36\system\Commands\Server\rewrite.php(47): require_once('D:\\company prof...')
#12 {main}

Next CodeIgniter\Database\Exceptions\DatabaseException: Access denied for user '****'@'localhost' (using password: YES) in D:\company profile\dkcraft.kadinkotamalang.com\dkcraft.kadinkotamalang.com\36\system\Database\MySQLi\Connection.php:218
Stack trace:
#0 D:\company profile\dkcraft.kadinkotamalang.com\dkcraft.kadinkotamalang.com\36\system\Database\BaseConnection.php(391): CodeIgniter\Database\MySQLi\Connection->connect(false)
#1 D:\company profile\dkcraft.kadinkotamalang.com\dkcraft.kadinkotamalang.com\36\system\Database\BaseConnection.php(574): CodeIgniter\Database\BaseConnection->initialize()
#2 D:\company profile\dkcraft.kadinkotamalang.com\dkcraft.kadinkotamalang.com\36\system\Database\BaseBuilder.php(1616): CodeIgniter\Database\BaseConnection->query('SELECT *\nFROM `...', Array, false)
#3 D:\company profile\dkcraft.kadinkotamalang.com\dkcraft.kadinkotamalang.com\36\system\Model.php(241): CodeIgniter\Database\BaseBuilder->get()
#4 D:\company profile\dkcraft.kadinkotamalang.com\dkcraft.kadinkotamalang.com\36\system\BaseModel.php(618): CodeIgniter\Model->doFindAll(0, 0)
#5 D:\company profile\dkcraft.kadinkotamalang.com\dkcraft.kadinkotamalang.com\36\app\Controllers\user\Homectrl.php(28): CodeIgniter\BaseModel->findAll()
#6 D:\company profile\dkcraft.kadinkotamalang.com\dkcraft.kadinkotamalang.com\36\system\CodeIgniter.php(932): App\Controllers\user\Homectrl->index()
#7 D:\company profile\dkcraft.kadinkotamalang.com\dkcraft.kadinkotamalang.com\36\system\CodeIgniter.php(497): CodeIgniter\CodeIgniter->runController(Object(App\Controllers\user\Homectrl))
#8 D:\company profile\dkcraft.kadinkotamalang.com\dkcraft.kadinkotamalang.com\36\system\CodeIgniter.php(366): CodeIgniter\CodeIgniter->handleRequest(NULL, Object(Config\Cache), false)
#9 D:\company profile\dkcraft.kadinkotamalang.com\dkcraft.kadinkotamalang.com\36\public\index.php(67): CodeIgniter\CodeIgniter->run()
#10 D:\company profile\dkcraft.kadinkotamalang.com\dkcraft.kadinkotamalang.com\36\system\Commands\Server\rewrite.php(47): require_once('D:\\company prof...')
#11 {main}
CRITICAL - 2024-08-06 01:51:09 --> Unable to connect to the database.
Main connection [MySQLi]: Access denied for user '****'@'localhost' (using password: YES)
in SYSTEMPATH\Database\BaseConnection.php on line 427.
 1 SYSTEMPATH\Database\BaseConnection.php(574): CodeIgniter\Database\BaseConnection->initialize()
 2 SYSTEMPATH\Database\BaseBuilder.php(1616): CodeIgniter\Database\BaseConnection->query('SELECT *
FROM `tb_profil`', [], false)
 3 SYSTEMPATH\Model.php(241): CodeIgniter\Database\BaseBuilder->get()
 4 SYSTEMPATH\BaseModel.php(618): CodeIgniter\Model->doFindAll(0, 0)
 5 APPPATH\Controllers\user\Homectrl.php(28): CodeIgniter\BaseModel->findAll()
 6 SYSTEMPATH\CodeIgniter.php(932): App\Controllers\user\Homectrl->index()
 7 SYSTEMPATH\CodeIgniter.php(497): CodeIgniter\CodeIgniter->runController(Object(App\Controllers\user\Homectrl))
 8 SYSTEMPATH\CodeIgniter.php(366): CodeIgniter\CodeIgniter->handleRequest(null, Object(Config\Cache), false)
 9 FCPATH\index.php(67): CodeIgniter\CodeIgniter->run()
10 SYSTEMPATH\Commands\Server\rewrite.php(47): require_once('D:\\company profile\\dkcraft.kadinkotamalang.com\\dkcraft.kadinkotamalang.com\\36\\public\\index.php')
INFO - 2024-08-06 01:51:58 --> Session: Class initialized using 'CodeIgniter\Session\Handlers\FileHandler' driver.
ERROR - 2024-08-06 01:51:58 --> Error connecting to the database: mysqli_sql_exception: Access denied for user 'u1658729_tigapuluhenam'@'localhost' (using password: YES) in D:\company profile\dkcraft.kadinkotamalang.com\dkcraft.kadinkotamalang.com\36\system\Database\MySQLi\Connection.php:173
Stack trace:
#0 D:\company profile\dkcraft.kadinkotamalang.com\dkcraft.kadinkotamalang.com\36\system\Database\MySQLi\Connection.php(173): mysqli->real_connect('localhost', 'u1658729_tigapu...', Object(SensitiveParameterValue), 'u1658729_tigapu...', 3306, '', 0)
#1 D:\company profile\dkcraft.kadinkotamalang.com\dkcraft.kadinkotamalang.com\36\system\Database\BaseConnection.php(391): CodeIgniter\Database\MySQLi\Connection->connect(false)
#2 D:\company profile\dkcraft.kadinkotamalang.com\dkcraft.kadinkotamalang.com\36\system\Database\BaseConnection.php(574): CodeIgniter\Database\BaseConnection->initialize()
#3 D:\company profile\dkcraft.kadinkotamalang.com\dkcraft.kadinkotamalang.com\36\system\Database\BaseBuilder.php(1616): CodeIgniter\Database\BaseConnection->query('SELECT *\nFROM `...', Array, false)
#4 D:\company profile\dkcraft.kadinkotamalang.com\dkcraft.kadinkotamalang.com\36\system\Model.php(241): CodeIgniter\Database\BaseBuilder->get()
#5 D:\company profile\dkcraft.kadinkotamalang.com\dkcraft.kadinkotamalang.com\36\system\BaseModel.php(618): CodeIgniter\Model->doFindAll(0, 0)
#6 D:\company profile\dkcraft.kadinkotamalang.com\dkcraft.kadinkotamalang.com\36\app\Controllers\user\Homectrl.php(28): CodeIgniter\BaseModel->findAll()
#7 D:\company profile\dkcraft.kadinkotamalang.com\dkcraft.kadinkotamalang.com\36\system\CodeIgniter.php(932): App\Controllers\user\Homectrl->index()
#8 D:\company profile\dkcraft.kadinkotamalang.com\dkcraft.kadinkotamalang.com\36\system\CodeIgniter.php(497): CodeIgniter\CodeIgniter->runController(Object(App\Controllers\user\Homectrl))
#9 D:\company profile\dkcraft.kadinkotamalang.com\dkcraft.kadinkotamalang.com\36\system\CodeIgniter.php(366): CodeIgniter\CodeIgniter->handleRequest(NULL, Object(Config\Cache), false)
#10 D:\company profile\dkcraft.kadinkotamalang.com\dkcraft.kadinkotamalang.com\36\public\index.php(67): CodeIgniter\CodeIgniter->run()
#11 D:\company profile\dkcraft.kadinkotamalang.com\dkcraft.kadinkotamalang.com\36\system\Commands\Server\rewrite.php(47): require_once('D:\\company prof...')
#12 {main}

Next CodeIgniter\Database\Exceptions\DatabaseException: Access denied for user '****'@'localhost' (using password: YES) in D:\company profile\dkcraft.kadinkotamalang.com\dkcraft.kadinkotamalang.com\36\system\Database\MySQLi\Connection.php:218
Stack trace:
#0 D:\company profile\dkcraft.kadinkotamalang.com\dkcraft.kadinkotamalang.com\36\system\Database\BaseConnection.php(391): CodeIgniter\Database\MySQLi\Connection->connect(false)
#1 D:\company profile\dkcraft.kadinkotamalang.com\dkcraft.kadinkotamalang.com\36\system\Database\BaseConnection.php(574): CodeIgniter\Database\BaseConnection->initialize()
#2 D:\company profile\dkcraft.kadinkotamalang.com\dkcraft.kadinkotamalang.com\36\system\Database\BaseBuilder.php(1616): CodeIgniter\Database\BaseConnection->query('SELECT *\nFROM `...', Array, false)
#3 D:\company profile\dkcraft.kadinkotamalang.com\dkcraft.kadinkotamalang.com\36\system\Model.php(241): CodeIgniter\Database\BaseBuilder->get()
#4 D:\company profile\dkcraft.kadinkotamalang.com\dkcraft.kadinkotamalang.com\36\system\BaseModel.php(618): CodeIgniter\Model->doFindAll(0, 0)
#5 D:\company profile\dkcraft.kadinkotamalang.com\dkcraft.kadinkotamalang.com\36\app\Controllers\user\Homectrl.php(28): CodeIgniter\BaseModel->findAll()
#6 D:\company profile\dkcraft.kadinkotamalang.com\dkcraft.kadinkotamalang.com\36\system\CodeIgniter.php(932): App\Controllers\user\Homectrl->index()
#7 D:\company profile\dkcraft.kadinkotamalang.com\dkcraft.kadinkotamalang.com\36\system\CodeIgniter.php(497): CodeIgniter\CodeIgniter->runController(Object(App\Controllers\user\Homectrl))
#8 D:\company profile\dkcraft.kadinkotamalang.com\dkcraft.kadinkotamalang.com\36\system\CodeIgniter.php(366): CodeIgniter\CodeIgniter->handleRequest(NULL, Object(Config\Cache), false)
#9 D:\company profile\dkcraft.kadinkotamalang.com\dkcraft.kadinkotamalang.com\36\public\index.php(67): CodeIgniter\CodeIgniter->run()
#10 D:\company profile\dkcraft.kadinkotamalang.com\dkcraft.kadinkotamalang.com\36\system\Commands\Server\rewrite.php(47): require_once('D:\\company prof...')
#11 {main}
CRITICAL - 2024-08-06 01:51:58 --> Unable to connect to the database.
Main connection [MySQLi]: Access denied for user '****'@'localhost' (using password: YES)
in SYSTEMPATH\Database\BaseConnection.php on line 427.
 1 SYSTEMPATH\Database\BaseConnection.php(574): CodeIgniter\Database\BaseConnection->initialize()
 2 SYSTEMPATH\Database\BaseBuilder.php(1616): CodeIgniter\Database\BaseConnection->query('SELECT *
FROM `tb_profil`', [], false)
 3 SYSTEMPATH\Model.php(241): CodeIgniter\Database\BaseBuilder->get()
 4 SYSTEMPATH\BaseModel.php(618): CodeIgniter\Model->doFindAll(0, 0)
 5 APPPATH\Controllers\user\Homectrl.php(28): CodeIgniter\BaseModel->findAll()
 6 SYSTEMPATH\CodeIgniter.php(932): App\Controllers\user\Homectrl->index()
 7 SYSTEMPATH\CodeIgniter.php(497): CodeIgniter\CodeIgniter->runController(Object(App\Controllers\user\Homectrl))
 8 SYSTEMPATH\CodeIgniter.php(366): CodeIgniter\CodeIgniter->handleRequest(null, Object(Config\Cache), false)
 9 FCPATH\index.php(67): CodeIgniter\CodeIgniter->run()
10 SYSTEMPATH\Commands\Server\rewrite.php(47): require_once('D:\\company profile\\dkcraft.kadinkotamalang.com\\dkcraft.kadinkotamalang.com\\36\\public\\index.php')
INFO - 2024-08-06 01:52:09 --> Session: Class initialized using 'CodeIgniter\Session\Handlers\FileHandler' driver.
ERROR - 2024-08-06 01:52:09 --> Error connecting to the database: mysqli_sql_exception: Access denied for user 'u1658729_tigapuluhenam'@'localhost' (using password: YES) in D:\company profile\dkcraft.kadinkotamalang.com\dkcraft.kadinkotamalang.com\36\system\Database\MySQLi\Connection.php:173
Stack trace:
#0 D:\company profile\dkcraft.kadinkotamalang.com\dkcraft.kadinkotamalang.com\36\system\Database\MySQLi\Connection.php(173): mysqli->real_connect('localhost', 'u1658729_tigapu...', Object(SensitiveParameterValue), 'u1658729_tigapu...', 3306, '', 0)
#1 D:\company profile\dkcraft.kadinkotamalang.com\dkcraft.kadinkotamalang.com\36\system\Database\BaseConnection.php(391): CodeIgniter\Database\MySQLi\Connection->connect(false)
#2 D:\company profile\dkcraft.kadinkotamalang.com\dkcraft.kadinkotamalang.com\36\system\Database\BaseConnection.php(574): CodeIgniter\Database\BaseConnection->initialize()
#3 D:\company profile\dkcraft.kadinkotamalang.com\dkcraft.kadinkotamalang.com\36\system\Database\BaseBuilder.php(1616): CodeIgniter\Database\BaseConnection->query('SELECT *\nFROM `...', Array, false)
#4 D:\company profile\dkcraft.kadinkotamalang.com\dkcraft.kadinkotamalang.com\36\system\Model.php(241): CodeIgniter\Database\BaseBuilder->get()
#5 D:\company profile\dkcraft.kadinkotamalang.com\dkcraft.kadinkotamalang.com\36\system\BaseModel.php(618): CodeIgniter\Model->doFindAll(0, 0)
#6 D:\company profile\dkcraft.kadinkotamalang.com\dkcraft.kadinkotamalang.com\36\app\Controllers\user\Homectrl.php(28): CodeIgniter\BaseModel->findAll()
#7 D:\company profile\dkcraft.kadinkotamalang.com\dkcraft.kadinkotamalang.com\36\system\CodeIgniter.php(932): App\Controllers\user\Homectrl->index()
#8 D:\company profile\dkcraft.kadinkotamalang.com\dkcraft.kadinkotamalang.com\36\system\CodeIgniter.php(497): CodeIgniter\CodeIgniter->runController(Object(App\Controllers\user\Homectrl))
#9 D:\company profile\dkcraft.kadinkotamalang.com\dkcraft.kadinkotamalang.com\36\system\CodeIgniter.php(366): CodeIgniter\CodeIgniter->handleRequest(NULL, Object(Config\Cache), false)
#10 D:\company profile\dkcraft.kadinkotamalang.com\dkcraft.kadinkotamalang.com\36\public\index.php(67): CodeIgniter\CodeIgniter->run()
#11 D:\company profile\dkcraft.kadinkotamalang.com\dkcraft.kadinkotamalang.com\36\system\Commands\Server\rewrite.php(47): require_once('D:\\company prof...')
#12 {main}

Next CodeIgniter\Database\Exceptions\DatabaseException: Access denied for user '****'@'localhost' (using password: YES) in D:\company profile\dkcraft.kadinkotamalang.com\dkcraft.kadinkotamalang.com\36\system\Database\MySQLi\Connection.php:218
Stack trace:
#0 D:\company profile\dkcraft.kadinkotamalang.com\dkcraft.kadinkotamalang.com\36\system\Database\BaseConnection.php(391): CodeIgniter\Database\MySQLi\Connection->connect(false)
#1 D:\company profile\dkcraft.kadinkotamalang.com\dkcraft.kadinkotamalang.com\36\system\Database\BaseConnection.php(574): CodeIgniter\Database\BaseConnection->initialize()
#2 D:\company profile\dkcraft.kadinkotamalang.com\dkcraft.kadinkotamalang.com\36\system\Database\BaseBuilder.php(1616): CodeIgniter\Database\BaseConnection->query('SELECT *\nFROM `...', Array, false)
#3 D:\company profile\dkcraft.kadinkotamalang.com\dkcraft.kadinkotamalang.com\36\system\Model.php(241): CodeIgniter\Database\BaseBuilder->get()
#4 D:\company profile\dkcraft.kadinkotamalang.com\dkcraft.kadinkotamalang.com\36\system\BaseModel.php(618): CodeIgniter\Model->doFindAll(0, 0)
#5 D:\company profile\dkcraft.kadinkotamalang.com\dkcraft.kadinkotamalang.com\36\app\Controllers\user\Homectrl.php(28): CodeIgniter\BaseModel->findAll()
#6 D:\company profile\dkcraft.kadinkotamalang.com\dkcraft.kadinkotamalang.com\36\system\CodeIgniter.php(932): App\Controllers\user\Homectrl->index()
#7 D:\company profile\dkcraft.kadinkotamalang.com\dkcraft.kadinkotamalang.com\36\system\CodeIgniter.php(497): CodeIgniter\CodeIgniter->runController(Object(App\Controllers\user\Homectrl))
#8 D:\company profile\dkcraft.kadinkotamalang.com\dkcraft.kadinkotamalang.com\36\system\CodeIgniter.php(366): CodeIgniter\CodeIgniter->handleRequest(NULL, Object(Config\Cache), false)
#9 D:\company profile\dkcraft.kadinkotamalang.com\dkcraft.kadinkotamalang.com\36\public\index.php(67): CodeIgniter\CodeIgniter->run()
#10 D:\company profile\dkcraft.kadinkotamalang.com\dkcraft.kadinkotamalang.com\36\system\Commands\Server\rewrite.php(47): require_once('D:\\company prof...')
#11 {main}
CRITICAL - 2024-08-06 01:52:09 --> Unable to connect to the database.
Main connection [MySQLi]: Access denied for user '****'@'localhost' (using password: YES)
in SYSTEMPATH\Database\BaseConnection.php on line 427.
 1 SYSTEMPATH\Database\BaseConnection.php(574): CodeIgniter\Database\BaseConnection->initialize()
 2 SYSTEMPATH\Database\BaseBuilder.php(1616): CodeIgniter\Database\BaseConnection->query('SELECT *
FROM `tb_profil`', [], false)
 3 SYSTEMPATH\Model.php(241): CodeIgniter\Database\BaseBuilder->get()
 4 SYSTEMPATH\BaseModel.php(618): CodeIgniter\Model->doFindAll(0, 0)
 5 APPPATH\Controllers\user\Homectrl.php(28): CodeIgniter\BaseModel->findAll()
 6 SYSTEMPATH\CodeIgniter.php(932): App\Controllers\user\Homectrl->index()
 7 SYSTEMPATH\CodeIgniter.php(497): CodeIgniter\CodeIgniter->runController(Object(App\Controllers\user\Homectrl))
 8 SYSTEMPATH\CodeIgniter.php(366): CodeIgniter\CodeIgniter->handleRequest(null, Object(Config\Cache), false)
 9 FCPATH\index.php(67): CodeIgniter\CodeIgniter->run()
10 SYSTEMPATH\Commands\Server\rewrite.php(47): require_once('D:\\company profile\\dkcraft.kadinkotamalang.com\\dkcraft.kadinkotamalang.com\\36\\public\\index.php')
INFO - 2024-08-06 01:52:12 --> Session: Class initialized using 'CodeIgniter\Session\Handlers\FileHandler' driver.
ERROR - 2024-08-06 01:52:12 --> Error connecting to the database: mysqli_sql_exception: Access denied for user 'u1658729_tigapuluhenam'@'localhost' (using password: YES) in D:\company profile\dkcraft.kadinkotamalang.com\dkcraft.kadinkotamalang.com\36\system\Database\MySQLi\Connection.php:173
Stack trace:
#0 D:\company profile\dkcraft.kadinkotamalang.com\dkcraft.kadinkotamalang.com\36\system\Database\MySQLi\Connection.php(173): mysqli->real_connect('localhost', 'u1658729_tigapu...', Object(SensitiveParameterValue), 'u1658729_tigapu...', 3306, '', 0)
#1 D:\company profile\dkcraft.kadinkotamalang.com\dkcraft.kadinkotamalang.com\36\system\Database\BaseConnection.php(391): CodeIgniter\Database\MySQLi\Connection->connect(false)
#2 D:\company profile\dkcraft.kadinkotamalang.com\dkcraft.kadinkotamalang.com\36\system\Database\BaseConnection.php(574): CodeIgniter\Database\BaseConnection->initialize()
#3 D:\company profile\dkcraft.kadinkotamalang.com\dkcraft.kadinkotamalang.com\36\system\Database\BaseBuilder.php(1616): CodeIgniter\Database\BaseConnection->query('SELECT *\nFROM `...', Array, false)
#4 D:\company profile\dkcraft.kadinkotamalang.com\dkcraft.kadinkotamalang.com\36\system\Model.php(241): CodeIgniter\Database\BaseBuilder->get()
#5 D:\company profile\dkcraft.kadinkotamalang.com\dkcraft.kadinkotamalang.com\36\system\BaseModel.php(618): CodeIgniter\Model->doFindAll(0, 0)
#6 D:\company profile\dkcraft.kadinkotamalang.com\dkcraft.kadinkotamalang.com\36\app\Controllers\user\Homectrl.php(28): CodeIgniter\BaseModel->findAll()
#7 D:\company profile\dkcraft.kadinkotamalang.com\dkcraft.kadinkotamalang.com\36\system\CodeIgniter.php(932): App\Controllers\user\Homectrl->index()
#8 D:\company profile\dkcraft.kadinkotamalang.com\dkcraft.kadinkotamalang.com\36\system\CodeIgniter.php(497): CodeIgniter\CodeIgniter->runController(Object(App\Controllers\user\Homectrl))
#9 D:\company profile\dkcraft.kadinkotamalang.com\dkcraft.kadinkotamalang.com\36\system\CodeIgniter.php(366): CodeIgniter\CodeIgniter->handleRequest(NULL, Object(Config\Cache), false)
#10 D:\company profile\dkcraft.kadinkotamalang.com\dkcraft.kadinkotamalang.com\36\public\index.php(67): CodeIgniter\CodeIgniter->run()
#11 D:\company profile\dkcraft.kadinkotamalang.com\dkcraft.kadinkotamalang.com\36\system\Commands\Server\rewrite.php(47): require_once('D:\\company prof...')
#12 {main}

Next CodeIgniter\Database\Exceptions\DatabaseException: Access denied for user '****'@'localhost' (using password: YES) in D:\company profile\dkcraft.kadinkotamalang.com\dkcraft.kadinkotamalang.com\36\system\Database\MySQLi\Connection.php:218
Stack trace:
#0 D:\company profile\dkcraft.kadinkotamalang.com\dkcraft.kadinkotamalang.com\36\system\Database\BaseConnection.php(391): CodeIgniter\Database\MySQLi\Connection->connect(false)
#1 D:\company profile\dkcraft.kadinkotamalang.com\dkcraft.kadinkotamalang.com\36\system\Database\BaseConnection.php(574): CodeIgniter\Database\BaseConnection->initialize()
#2 D:\company profile\dkcraft.kadinkotamalang.com\dkcraft.kadinkotamalang.com\36\system\Database\BaseBuilder.php(1616): CodeIgniter\Database\BaseConnection->query('SELECT *\nFROM `...', Array, false)
#3 D:\company profile\dkcraft.kadinkotamalang.com\dkcraft.kadinkotamalang.com\36\system\Model.php(241): CodeIgniter\Database\BaseBuilder->get()
#4 D:\company profile\dkcraft.kadinkotamalang.com\dkcraft.kadinkotamalang.com\36\system\BaseModel.php(618): CodeIgniter\Model->doFindAll(0, 0)
#5 D:\company profile\dkcraft.kadinkotamalang.com\dkcraft.kadinkotamalang.com\36\app\Controllers\user\Homectrl.php(28): CodeIgniter\BaseModel->findAll()
#6 D:\company profile\dkcraft.kadinkotamalang.com\dkcraft.kadinkotamalang.com\36\system\CodeIgniter.php(932): App\Controllers\user\Homectrl->index()
#7 D:\company profile\dkcraft.kadinkotamalang.com\dkcraft.kadinkotamalang.com\36\system\CodeIgniter.php(497): CodeIgniter\CodeIgniter->runController(Object(App\Controllers\user\Homectrl))
#8 D:\company profile\dkcraft.kadinkotamalang.com\dkcraft.kadinkotamalang.com\36\system\CodeIgniter.php(366): CodeIgniter\CodeIgniter->handleRequest(NULL, Object(Config\Cache), false)
#9 D:\company profile\dkcraft.kadinkotamalang.com\dkcraft.kadinkotamalang.com\36\public\index.php(67): CodeIgniter\CodeIgniter->run()
#10 D:\company profile\dkcraft.kadinkotamalang.com\dkcraft.kadinkotamalang.com\36\system\Commands\Server\rewrite.php(47): require_once('D:\\company prof...')
#11 {main}
CRITICAL - 2024-08-06 01:52:12 --> Unable to connect to the database.
Main connection [MySQLi]: Access denied for user '****'@'localhost' (using password: YES)
in SYSTEMPATH\Database\BaseConnection.php on line 427.
 1 SYSTEMPATH\Database\BaseConnection.php(574): CodeIgniter\Database\BaseConnection->initialize()
 2 SYSTEMPATH\Database\BaseBuilder.php(1616): CodeIgniter\Database\BaseConnection->query('SELECT *
FROM `tb_profil`', [], false)
 3 SYSTEMPATH\Model.php(241): CodeIgniter\Database\BaseBuilder->get()
 4 SYSTEMPATH\BaseModel.php(618): CodeIgniter\Model->doFindAll(0, 0)
 5 APPPATH\Controllers\user\Homectrl.php(28): CodeIgniter\BaseModel->findAll()
 6 SYSTEMPATH\CodeIgniter.php(932): App\Controllers\user\Homectrl->index()
 7 SYSTEMPATH\CodeIgniter.php(497): CodeIgniter\CodeIgniter->runController(Object(App\Controllers\user\Homectrl))
 8 SYSTEMPATH\CodeIgniter.php(366): CodeIgniter\CodeIgniter->handleRequest(null, Object(Config\Cache), false)
 9 FCPATH\index.php(67): CodeIgniter\CodeIgniter->run()
10 SYSTEMPATH\Commands\Server\rewrite.php(47): require_once('D:\\company profile\\dkcraft.kadinkotamalang.com\\dkcraft.kadinkotamalang.com\\36\\public\\index.php')
INFO - 2024-08-06 01:53:06 --> Session: Class initialized using 'CodeIgniter\Session\Handlers\FileHandler' driver.
INFO - 2024-08-06 01:54:28 --> Session: Class initialized using 'CodeIgniter\Session\Handlers\FileHandler' driver.
INFO - 2024-08-06 01:56:00 --> Session: Class initialized using 'CodeIgniter\Session\Handlers\FileHandler' driver.
INFO - 2024-08-06 01:56:09 --> CSRF token verified.
INFO - 2024-08-06 01:56:09 --> Session: Class initialized using 'CodeIgniter\Session\Handlers\FileHandler' driver.
INFO - 2024-08-06 01:56:09 --> Session: Class initialized using 'CodeIgniter\Session\Handlers\FileHandler' driver.
INFO - 2024-08-06 01:56:34 --> Session: Class initialized using 'CodeIgniter\Session\Handlers\FileHandler' driver.
INFO - 2024-08-06 01:56:43 --> Session: Class initialized using 'CodeIgniter\Session\Handlers\FileHandler' driver.
INFO - 2024-08-06 01:56:43 --> Session: Class initialized using 'CodeIgniter\Session\Handlers\FileHandler' driver.
INFO - 2024-08-06 01:57:07 --> Session: Class initialized using 'CodeIgniter\Session\Handlers\FileHandler' driver.
INFO - 2024-08-06 01:57:07 --> Session: Class initialized using 'CodeIgniter\Session\Handlers\FileHandler' driver.
INFO - 2024-08-06 01:57:15 --> Session: Class initialized using 'CodeIgniter\Session\Handlers\FileHandler' driver.
INFO - 2024-08-06 01:57:39 --> Session: Class initialized using 'CodeIgniter\Session\Handlers\FileHandler' driver.
INFO - 2024-08-06 01:57:39 --> Session: Class initialized using 'CodeIgniter\Session\Handlers\FileHandler' driver.
INFO - 2024-08-06 01:57:42 --> Session: Class initialized using 'CodeIgniter\Session\Handlers\FileHandler' driver.
CRITICAL - 2024-08-06 01:57:42 --> Attempt to read property "nama_perusahaan" on null
in APPPATH\Views\admin\profil\edit.php on line 25.
 1 APPPATH\Views\admin\profil\edit.php(25): CodeIgniter\Debug\Exceptions->errorHandler(2, 'Attempt to read property "nama_perusahaan" on null', 'D:\\company profile\\dkcraft.kadinkotamalang.com\\dkcraft.kadinkotamalang.com\\36\\app\\Views\\admin\\profil\\edit.php', 25)
 2 SYSTEMPATH\View\View.php(224): include('D:\\company profile\\dkcraft.kadinkotamalang.com\\dkcraft.kadinkotamalang.com\\36\\app\\Views\\admin\\profil\\edit.php')
 3 SYSTEMPATH\View\View.php(227): CodeIgniter\View\View->CodeIgniter\View\{closure}()
 4 SYSTEMPATH\Common.php(1180): CodeIgniter\View\View->render('admin/profil/edit', [], true)
 5 APPPATH\Controllers\admin\Profil.php(82): view('admin/profil/edit', [...])
 6 SYSTEMPATH\CodeIgniter.php(932): App\Controllers\admin\Profil->edit()
 7 SYSTEMPATH\CodeIgniter.php(497): CodeIgniter\CodeIgniter->runController(Object(App\Controllers\admin\Profil))
 8 SYSTEMPATH\CodeIgniter.php(366): CodeIgniter\CodeIgniter->handleRequest(null, Object(Config\Cache), false)
 9 FCPATH\index.php(67): CodeIgniter\CodeIgniter->run()
10 SYSTEMPATH\Commands\Server\rewrite.php(47): require_once('D:\\company profile\\dkcraft.kadinkotamalang.com\\dkcraft.kadinkotamalang.com\\36\\public\\index.php')
INFO - 2024-08-06 01:57:57 --> Session: Class initialized using 'CodeIgniter\Session\Handlers\FileHandler' driver.
INFO - 2024-08-06 01:58:03 --> Session: Class initialized using 'CodeIgniter\Session\Handlers\FileHandler' driver.
INFO - 2024-08-06 01:58:03 --> Session: Class initialized using 'CodeIgniter\Session\Handlers\FileHandler' driver.
INFO - 2024-08-06 01:58:07 --> Session: Class initialized using 'CodeIgniter\Session\Handlers\FileHandler' driver.
CRITICAL - 2024-08-06 01:58:07 --> Attempt to read property "nama_perusahaan" on null
in APPPATH\Views\admin\profil\edit.php on line 25.
 1 APPPATH\Views\admin\profil\edit.php(25): CodeIgniter\Debug\Exceptions->errorHandler(2, 'Attempt to read property "nama_perusahaan" on null', 'D:\\company profile\\dkcraft.kadinkotamalang.com\\dkcraft.kadinkotamalang.com\\36\\app\\Views\\admin\\profil\\edit.php', 25)
 2 SYSTEMPATH\View\View.php(224): include('D:\\company profile\\dkcraft.kadinkotamalang.com\\dkcraft.kadinkotamalang.com\\36\\app\\Views\\admin\\profil\\edit.php')
 3 SYSTEMPATH\View\View.php(227): CodeIgniter\View\View->CodeIgniter\View\{closure}()
 4 SYSTEMPATH\Common.php(1180): CodeIgniter\View\View->render('admin/profil/edit', [], true)
 5 APPPATH\Controllers\admin\Profil.php(82): view('admin/profil/edit', [...])
 6 SYSTEMPATH\CodeIgniter.php(932): App\Controllers\admin\Profil->edit()
 7 SYSTEMPATH\CodeIgniter.php(497): CodeIgniter\CodeIgniter->runController(Object(App\Controllers\admin\Profil))
 8 SYSTEMPATH\CodeIgniter.php(366): CodeIgniter\CodeIgniter->handleRequest(null, Object(Config\Cache), false)
 9 FCPATH\index.php(67): CodeIgniter\CodeIgniter->run()
10 SYSTEMPATH\Commands\Server\rewrite.php(47): require_once('D:\\company profile\\dkcraft.kadinkotamalang.com\\dkcraft.kadinkotamalang.com\\36\\public\\index.php')
INFO - 2024-08-06 01:58:09 --> Session: Class initialized using 'CodeIgniter\Session\Handlers\FileHandler' driver.
INFO - 2024-08-06 01:58:10 --> Session: Class initialized using 'CodeIgniter\Session\Handlers\FileHandler' driver.
INFO - 2024-08-06 01:58:12 --> Session: Class initialized using 'CodeIgniter\Session\Handlers\FileHandler' driver.
INFO - 2024-08-06 01:58:14 --> Session: Class initialized using 'CodeIgniter\Session\Handlers\FileHandler' driver.
INFO - 2024-08-06 01:58:16 --> Session: Class initialized using 'CodeIgniter\Session\Handlers\FileHandler' driver.
INFO - 2024-08-06 01:58:21 --> Session: Class initialized using 'CodeIgniter\Session\Handlers\FileHandler' driver.
CRITICAL - 2024-08-06 01:58:21 --> Attempt to read property "nama_perusahaan" on null
in APPPATH\Views\admin\profil\edit.php on line 25.
 1 APPPATH\Views\admin\profil\edit.php(25): CodeIgniter\Debug\Exceptions->errorHandler(2, 'Attempt to read property "nama_perusahaan" on null', 'D:\\company profile\\dkcraft.kadinkotamalang.com\\dkcraft.kadinkotamalang.com\\36\\app\\Views\\admin\\profil\\edit.php', 25)
 2 SYSTEMPATH\View\View.php(224): include('D:\\company profile\\dkcraft.kadinkotamalang.com\\dkcraft.kadinkotamalang.com\\36\\app\\Views\\admin\\profil\\edit.php')
 3 SYSTEMPATH\View\View.php(227): CodeIgniter\View\View->CodeIgniter\View\{closure}()
 4 SYSTEMPATH\Common.php(1180): CodeIgniter\View\View->render('admin/profil/edit', [], true)
 5 APPPATH\Controllers\admin\Profil.php(82): view('admin/profil/edit', [...])
 6 SYSTEMPATH\CodeIgniter.php(932): App\Controllers\admin\Profil->edit()
 7 SYSTEMPATH\CodeIgniter.php(497): CodeIgniter\CodeIgniter->runController(Object(App\Controllers\admin\Profil))
 8 SYSTEMPATH\CodeIgniter.php(366): CodeIgniter\CodeIgniter->handleRequest(null, Object(Config\Cache), false)
 9 FCPATH\index.php(67): CodeIgniter\CodeIgniter->run()
10 SYSTEMPATH\Commands\Server\rewrite.php(47): require_once('D:\\company profile\\dkcraft.kadinkotamalang.com\\dkcraft.kadinkotamalang.com\\36\\public\\index.php')
INFO - 2024-08-06 01:59:10 --> Session: Class initialized using 'CodeIgniter\Session\Handlers\FileHandler' driver.
INFO - 2024-08-06 01:59:39 --> Session: Class initialized using 'CodeIgniter\Session\Handlers\FileHandler' driver.
INFO - 2024-08-06 01:59:39 --> Session: Class initialized using 'CodeIgniter\Session\Handlers\FileHandler' driver.
INFO - 2024-08-06 01:59:52 --> Session: Class initialized using 'CodeIgniter\Session\Handlers\FileHandler' driver.
CRITICAL - 2024-08-06 01:59:52 --> Attempt to read property "nama_perusahaan" on null
in APPPATH\Views\admin\profil\edit.php on line 25.
 1 APPPATH\Views\admin\profil\edit.php(25): CodeIgniter\Debug\Exceptions->errorHandler(2, 'Attempt to read property "nama_perusahaan" on null', 'D:\\company profile\\dkcraft.kadinkotamalang.com\\dkcraft.kadinkotamalang.com\\36\\app\\Views\\admin\\profil\\edit.php', 25)
 2 SYSTEMPATH\View\View.php(224): include('D:\\company profile\\dkcraft.kadinkotamalang.com\\dkcraft.kadinkotamalang.com\\36\\app\\Views\\admin\\profil\\edit.php')
 3 SYSTEMPATH\View\View.php(227): CodeIgniter\View\View->CodeIgniter\View\{closure}()
 4 SYSTEMPATH\Common.php(1180): CodeIgniter\View\View->render('admin/profil/edit', [], true)
 5 APPPATH\Controllers\admin\Profil.php(82): view('admin/profil/edit', [...])
 6 SYSTEMPATH\CodeIgniter.php(932): App\Controllers\admin\Profil->edit()
 7 SYSTEMPATH\CodeIgniter.php(497): CodeIgniter\CodeIgniter->runController(Object(App\Controllers\admin\Profil))
 8 SYSTEMPATH\CodeIgniter.php(366): CodeIgniter\CodeIgniter->handleRequest(null, Object(Config\Cache), false)
 9 FCPATH\index.php(67): CodeIgniter\CodeIgniter->run()
10 SYSTEMPATH\Commands\Server\rewrite.php(47): require_once('D:\\company profile\\dkcraft.kadinkotamalang.com\\dkcraft.kadinkotamalang.com\\36\\public\\index.php')
INFO - 2024-08-06 02:00:07 --> Session: Class initialized using 'CodeIgniter\Session\Handlers\FileHandler' driver.
INFO - 2024-08-06 02:00:09 --> Session: Class initialized using 'CodeIgniter\Session\Handlers\FileHandler' driver.
CRITICAL - 2024-08-06 02:00:09 --> Attempt to read property "nama_perusahaan" on null
in APPPATH\Views\admin\profil\edit.php on line 25.
 1 APPPATH\Views\admin\profil\edit.php(25): CodeIgniter\Debug\Exceptions->errorHandler(2, 'Attempt to read property "nama_perusahaan" on null', 'D:\\company profile\\dkcraft.kadinkotamalang.com\\dkcraft.kadinkotamalang.com\\36\\app\\Views\\admin\\profil\\edit.php', 25)
 2 SYSTEMPATH\View\View.php(224): include('D:\\company profile\\dkcraft.kadinkotamalang.com\\dkcraft.kadinkotamalang.com\\36\\app\\Views\\admin\\profil\\edit.php')
 3 SYSTEMPATH\View\View.php(227): CodeIgniter\View\View->CodeIgniter\View\{closure}()
 4 SYSTEMPATH\Common.php(1180): CodeIgniter\View\View->render('admin/profil/edit', [], true)
 5 APPPATH\Controllers\admin\Profil.php(82): view('admin/profil/edit', [...])
 6 SYSTEMPATH\CodeIgniter.php(932): App\Controllers\admin\Profil->edit()
 7 SYSTEMPATH\CodeIgniter.php(497): CodeIgniter\CodeIgniter->runController(Object(App\Controllers\admin\Profil))
 8 SYSTEMPATH\CodeIgniter.php(366): CodeIgniter\CodeIgniter->handleRequest(null, Object(Config\Cache), false)
 9 FCPATH\index.php(67): CodeIgniter\CodeIgniter->run()
10 SYSTEMPATH\Commands\Server\rewrite.php(47): require_once('D:\\company profile\\dkcraft.kadinkotamalang.com\\dkcraft.kadinkotamalang.com\\36\\public\\index.php')
INFO - 2024-08-06 02:00:11 --> Session: Class initialized using 'CodeIgniter\Session\Handlers\FileHandler' driver.
INFO - 2024-08-06 02:00:13 --> Session: Class initialized using 'CodeIgniter\Session\Handlers\FileHandler' driver.
INFO - 2024-08-06 02:01:54 --> Session: Class initialized using 'CodeIgniter\Session\Handlers\FileHandler' driver.
INFO - 2024-08-06 02:01:59 --> Session: Class initialized using 'CodeIgniter\Session\Handlers\FileHandler' driver.
INFO - 2024-08-06 02:02:05 --> Session: Class initialized using 'CodeIgniter\Session\Handlers\FileHandler' driver.
INFO - 2024-08-06 02:02:05 --> Session: Class initialized using 'CodeIgniter\Session\Handlers\FileHandler' driver.
INFO - 2024-08-06 02:02:12 --> Session: Class initialized using 'CodeIgniter\Session\Handlers\FileHandler' driver.
INFO - 2024-08-06 02:02:12 --> Session: Class initialized using 'CodeIgniter\Session\Handlers\FileHandler' driver.
INFO - 2024-08-06 02:02:15 --> Session: Class initialized using 'CodeIgniter\Session\Handlers\FileHandler' driver.
INFO - 2024-08-06 02:02:33 --> CSRF token verified.
INFO - 2024-08-06 02:02:33 --> Session: Class initialized using 'CodeIgniter\Session\Handlers\FileHandler' driver.
INFO - 2024-08-06 02:02:33 --> Session: Class initialized using 'CodeIgniter\Session\Handlers\FileHandler' driver.
INFO - 2024-08-06 02:02:36 --> Session: Class initialized using 'CodeIgniter\Session\Handlers\FileHandler' driver.
INFO - 2024-08-06 02:09:28 --> CSRF token verified.
INFO - 2024-08-06 02:09:28 --> Session: Class initialized using 'CodeIgniter\Session\Handlers\FileHandler' driver.
INFO - 2024-08-06 02:09:29 --> Session: Class initialized using 'CodeIgniter\Session\Handlers\FileHandler' driver.
INFO - 2024-08-06 02:09:33 --> Session: Class initialized using 'CodeIgniter\Session\Handlers\FileHandler' driver.
INFO - 2024-08-06 02:15:29 --> CSRF token verified.
INFO - 2024-08-06 02:15:29 --> Session: Class initialized using 'CodeIgniter\Session\Handlers\FileHandler' driver.
INFO - 2024-08-06 02:15:30 --> Session: Class initialized using 'CodeIgniter\Session\Handlers\FileHandler' driver.
INFO - 2024-08-06 02:15:34 --> Session: Class initialized using 'CodeIgniter\Session\Handlers\FileHandler' driver.
INFO - 2024-08-06 02:31:06 --> CSRF token verified.
INFO - 2024-08-06 02:31:06 --> Session: Class initialized using 'CodeIgniter\Session\Handlers\FileHandler' driver.
INFO - 2024-08-06 02:31:06 --> Session: Class initialized using 'CodeIgniter\Session\Handlers\FileHandler' driver.
INFO - 2024-08-06 02:31:10 --> Session: Class initialized using 'CodeIgniter\Session\Handlers\FileHandler' driver.
INFO - 2024-08-06 02:31:30 --> Session: Class initialized using 'CodeIgniter\Session\Handlers\FileHandler' driver.
INFO - 2024-08-06 02:31:37 --> Session: Class initialized using 'CodeIgniter\Session\Handlers\FileHandler' driver.
INFO - 2024-08-06 02:31:41 --> Session: Class initialized using 'CodeIgniter\Session\Handlers\FileHandler' driver.
CRITICAL - 2024-08-06 02:31:41 --> Attempt to read property "id_slider" on null
in APPPATH\Views\admin\slider\edit.php on line 11.
 1 APPPATH\Views\admin\slider\edit.php(11): CodeIgniter\Debug\Exceptions->errorHandler(2, 'Attempt to read property "id_slider" on null', 'D:\\company profile\\dkcraft.kadinkotamalang.com\\dkcraft.kadinkotamalang.com\\36\\app\\Views\\admin\\slider\\edit.php', 11)
 2 SYSTEMPATH\View\View.php(224): include('D:\\company profile\\dkcraft.kadinkotamalang.com\\dkcraft.kadinkotamalang.com\\36\\app\\Views\\admin\\slider\\edit.php')
 3 SYSTEMPATH\View\View.php(227): CodeIgniter\View\View->CodeIgniter\View\{closure}()
 4 SYSTEMPATH\Common.php(1180): CodeIgniter\View\View->render('admin/slider/edit', [], true)
 5 APPPATH\Controllers\admin\Slider.php(90): view('admin/slider/edit', [...])
 6 SYSTEMPATH\CodeIgniter.php(932): App\Controllers\admin\Slider->edit('favicon.ico')
 7 SYSTEMPATH\CodeIgniter.php(497): CodeIgniter\CodeIgniter->runController(Object(App\Controllers\admin\Slider))
 8 SYSTEMPATH\CodeIgniter.php(366): CodeIgniter\CodeIgniter->handleRequest(null, Object(Config\Cache), false)
 9 FCPATH\index.php(67): CodeIgniter\CodeIgniter->run()
10 SYSTEMPATH\Commands\Server\rewrite.php(47): require_once('D:\\company profile\\dkcraft.kadinkotamalang.com\\dkcraft.kadinkotamalang.com\\36\\public\\index.php')
INFO - 2024-08-06 02:31:50 --> CSRF token verified.
INFO - 2024-08-06 09:31:50 --> Session: Class initialized using 'CodeIgniter\Session\Handlers\FileHandler' driver.
INFO - 2024-08-06 02:31:50 --> Session: Class initialized using 'CodeIgniter\Session\Handlers\FileHandler' driver.
INFO - 2024-08-06 02:32:58 --> Session: Class initialized using 'CodeIgniter\Session\Handlers\FileHandler' driver.
INFO - 2024-08-06 02:33:01 --> Session: Class initialized using 'CodeIgniter\Session\Handlers\FileHandler' driver.
CRITICAL - 2024-08-06 02:33:01 --> Attempt to read property "id_slider" on null
in APPPATH\Views\admin\slider\edit.php on line 11.
 1 APPPATH\Views\admin\slider\edit.php(11): CodeIgniter\Debug\Exceptions->errorHandler(2, 'Attempt to read property "id_slider" on null', 'D:\\company profile\\dkcraft.kadinkotamalang.com\\dkcraft.kadinkotamalang.com\\36\\app\\Views\\admin\\slider\\edit.php', 11)
 2 SYSTEMPATH\View\View.php(224): include('D:\\company profile\\dkcraft.kadinkotamalang.com\\dkcraft.kadinkotamalang.com\\36\\app\\Views\\admin\\slider\\edit.php')
 3 SYSTEMPATH\View\View.php(227): CodeIgniter\View\View->CodeIgniter\View\{closure}()
 4 SYSTEMPATH\Common.php(1180): CodeIgniter\View\View->render('admin/slider/edit', [], true)
 5 APPPATH\Controllers\admin\Slider.php(90): view('admin/slider/edit', [...])
 6 SYSTEMPATH\CodeIgniter.php(932): App\Controllers\admin\Slider->edit('favicon.ico')
 7 SYSTEMPATH\CodeIgniter.php(497): CodeIgniter\CodeIgniter->runController(Object(App\Controllers\admin\Slider))
 8 SYSTEMPATH\CodeIgniter.php(366): CodeIgniter\CodeIgniter->handleRequest(null, Object(Config\Cache), false)
 9 FCPATH\index.php(67): CodeIgniter\CodeIgniter->run()
10 SYSTEMPATH\Commands\Server\rewrite.php(47): require_once('D:\\company profile\\dkcraft.kadinkotamalang.com\\dkcraft.kadinkotamalang.com\\36\\public\\index.php')
INFO - 2024-08-06 02:33:14 --> CSRF token verified.
INFO - 2024-08-06 09:33:15 --> Session: Class initialized using 'CodeIgniter\Session\Handlers\FileHandler' driver.
INFO - 2024-08-06 02:33:15 --> Session: Class initialized using 'CodeIgniter\Session\Handlers\FileHandler' driver.
INFO - 2024-08-06 02:33:27 --> Session: Class initialized using 'CodeIgniter\Session\Handlers\FileHandler' driver.
INFO - 2024-08-06 02:33:30 --> Session: Class initialized using 'CodeIgniter\Session\Handlers\FileHandler' driver.
CRITICAL - 2024-08-06 02:33:30 --> Attempt to read property "id_slider" on null
in APPPATH\Views\admin\slider\edit.php on line 11.
 1 APPPATH\Views\admin\slider\edit.php(11): CodeIgniter\Debug\Exceptions->errorHandler(2, 'Attempt to read property "id_slider" on null', 'D:\\company profile\\dkcraft.kadinkotamalang.com\\dkcraft.kadinkotamalang.com\\36\\app\\Views\\admin\\slider\\edit.php', 11)
 2 SYSTEMPATH\View\View.php(224): include('D:\\company profile\\dkcraft.kadinkotamalang.com\\dkcraft.kadinkotamalang.com\\36\\app\\Views\\admin\\slider\\edit.php')
 3 SYSTEMPATH\View\View.php(227): CodeIgniter\View\View->CodeIgniter\View\{closure}()
 4 SYSTEMPATH\Common.php(1180): CodeIgniter\View\View->render('admin/slider/edit', [], true)
 5 APPPATH\Controllers\admin\Slider.php(90): view('admin/slider/edit', [...])
 6 SYSTEMPATH\CodeIgniter.php(932): App\Controllers\admin\Slider->edit('favicon.ico')
 7 SYSTEMPATH\CodeIgniter.php(497): CodeIgniter\CodeIgniter->runController(Object(App\Controllers\admin\Slider))
 8 SYSTEMPATH\CodeIgniter.php(366): CodeIgniter\CodeIgniter->handleRequest(null, Object(Config\Cache), false)
 9 FCPATH\index.php(67): CodeIgniter\CodeIgniter->run()
10 SYSTEMPATH\Commands\Server\rewrite.php(47): require_once('D:\\company profile\\dkcraft.kadinkotamalang.com\\dkcraft.kadinkotamalang.com\\36\\public\\index.php')
INFO - 2024-08-06 02:34:35 --> CSRF token verified.
INFO - 2024-08-06 09:34:35 --> Session: Class initialized using 'CodeIgniter\Session\Handlers\FileHandler' driver.
INFO - 2024-08-06 02:34:36 --> Session: Class initialized using 'CodeIgniter\Session\Handlers\FileHandler' driver.
INFO - 2024-08-06 02:34:43 --> Session: Class initialized using 'CodeIgniter\Session\Handlers\FileHandler' driver.
INFO - 2024-08-06 02:34:47 --> Session: Class initialized using 'CodeIgniter\Session\Handlers\FileHandler' driver.
CRITICAL - 2024-08-06 02:34:47 --> Attempt to read property "id_slider" on null
in APPPATH\Views\admin\slider\edit.php on line 11.
 1 APPPATH\Views\admin\slider\edit.php(11): CodeIgniter\Debug\Exceptions->errorHandler(2, 'Attempt to read property "id_slider" on null', 'D:\\company profile\\dkcraft.kadinkotamalang.com\\dkcraft.kadinkotamalang.com\\36\\app\\Views\\admin\\slider\\edit.php', 11)
 2 SYSTEMPATH\View\View.php(224): include('D:\\company profile\\dkcraft.kadinkotamalang.com\\dkcraft.kadinkotamalang.com\\36\\app\\Views\\admin\\slider\\edit.php')
 3 SYSTEMPATH\View\View.php(227): CodeIgniter\View\View->CodeIgniter\View\{closure}()
 4 SYSTEMPATH\Common.php(1180): CodeIgniter\View\View->render('admin/slider/edit', [], true)
 5 APPPATH\Controllers\admin\Slider.php(90): view('admin/slider/edit', [...])
 6 SYSTEMPATH\CodeIgniter.php(932): App\Controllers\admin\Slider->edit('favicon.ico')
 7 SYSTEMPATH\CodeIgniter.php(497): CodeIgniter\CodeIgniter->runController(Object(App\Controllers\admin\Slider))
 8 SYSTEMPATH\CodeIgniter.php(366): CodeIgniter\CodeIgniter->handleRequest(null, Object(Config\Cache), false)
 9 FCPATH\index.php(67): CodeIgniter\CodeIgniter->run()
10 SYSTEMPATH\Commands\Server\rewrite.php(47): require_once('D:\\company profile\\dkcraft.kadinkotamalang.com\\dkcraft.kadinkotamalang.com\\36\\public\\index.php')
INFO - 2024-08-06 02:34:55 --> CSRF token verified.
INFO - 2024-08-06 09:34:55 --> Session: Class initialized using 'CodeIgniter\Session\Handlers\FileHandler' driver.
INFO - 2024-08-06 02:34:55 --> Session: Class initialized using 'CodeIgniter\Session\Handlers\FileHandler' driver.
INFO - 2024-08-06 02:35:04 --> Session: Class initialized using 'CodeIgniter\Session\Handlers\FileHandler' driver.
INFO - 2024-08-06 02:35:08 --> Session: Class initialized using 'CodeIgniter\Session\Handlers\FileHandler' driver.
CRITICAL - 2024-08-06 02:35:08 --> Attempt to read property "id_slider" on null
in APPPATH\Views\admin\slider\edit.php on line 11.
 1 APPPATH\Views\admin\slider\edit.php(11): CodeIgniter\Debug\Exceptions->errorHandler(2, 'Attempt to read property "id_slider" on null', 'D:\\company profile\\dkcraft.kadinkotamalang.com\\dkcraft.kadinkotamalang.com\\36\\app\\Views\\admin\\slider\\edit.php', 11)
 2 SYSTEMPATH\View\View.php(224): include('D:\\company profile\\dkcraft.kadinkotamalang.com\\dkcraft.kadinkotamalang.com\\36\\app\\Views\\admin\\slider\\edit.php')
 3 SYSTEMPATH\View\View.php(227): CodeIgniter\View\View->CodeIgniter\View\{closure}()
 4 SYSTEMPATH\Common.php(1180): CodeIgniter\View\View->render('admin/slider/edit', [], true)
 5 APPPATH\Controllers\admin\Slider.php(90): view('admin/slider/edit', [...])
 6 SYSTEMPATH\CodeIgniter.php(932): App\Controllers\admin\Slider->edit('favicon.ico')
 7 SYSTEMPATH\CodeIgniter.php(497): CodeIgniter\CodeIgniter->runController(Object(App\Controllers\admin\Slider))
 8 SYSTEMPATH\CodeIgniter.php(366): CodeIgniter\CodeIgniter->handleRequest(null, Object(Config\Cache), false)
 9 FCPATH\index.php(67): CodeIgniter\CodeIgniter->run()
10 SYSTEMPATH\Commands\Server\rewrite.php(47): require_once('D:\\company profile\\dkcraft.kadinkotamalang.com\\dkcraft.kadinkotamalang.com\\36\\public\\index.php')
INFO - 2024-08-06 02:35:27 --> CSRF token verified.
INFO - 2024-08-06 09:35:27 --> Session: Class initialized using 'CodeIgniter\Session\Handlers\FileHandler' driver.
INFO - 2024-08-06 02:35:30 --> CSRF token verified.
INFO - 2024-08-06 09:35:30 --> Session: Class initialized using 'CodeIgniter\Session\Handlers\FileHandler' driver.
INFO - 2024-08-06 02:35:31 --> Session: Class initialized using 'CodeIgniter\Session\Handlers\FileHandler' driver.
INFO - 2024-08-06 02:40:11 --> Session: Class initialized using 'CodeIgniter\Session\Handlers\FileHandler' driver.
INFO - 2024-08-06 02:40:15 --> Session: Class initialized using 'CodeIgniter\Session\Handlers\FileHandler' driver.
CRITICAL - 2024-08-06 02:40:15 --> Attempt to read property "id_slider" on null
in APPPATH\Views\admin\slider\edit.php on line 11.
 1 APPPATH\Views\admin\slider\edit.php(11): CodeIgniter\Debug\Exceptions->errorHandler(2, 'Attempt to read property "id_slider" on null', 'D:\\company profile\\dkcraft.kadinkotamalang.com\\dkcraft.kadinkotamalang.com\\36\\app\\Views\\admin\\slider\\edit.php', 11)
 2 SYSTEMPATH\View\View.php(224): include('D:\\company profile\\dkcraft.kadinkotamalang.com\\dkcraft.kadinkotamalang.com\\36\\app\\Views\\admin\\slider\\edit.php')
 3 SYSTEMPATH\View\View.php(227): CodeIgniter\View\View->CodeIgniter\View\{closure}()
 4 SYSTEMPATH\Common.php(1180): CodeIgniter\View\View->render('admin/slider/edit', [], true)
 5 APPPATH\Controllers\admin\Slider.php(90): view('admin/slider/edit', [...])
 6 SYSTEMPATH\CodeIgniter.php(932): App\Controllers\admin\Slider->edit('favicon.ico')
 7 SYSTEMPATH\CodeIgniter.php(497): CodeIgniter\CodeIgniter->runController(Object(App\Controllers\admin\Slider))
 8 SYSTEMPATH\CodeIgniter.php(366): CodeIgniter\CodeIgniter->handleRequest(null, Object(Config\Cache), false)
 9 FCPATH\index.php(67): CodeIgniter\CodeIgniter->run()
10 SYSTEMPATH\Commands\Server\rewrite.php(47): require_once('D:\\company profile\\dkcraft.kadinkotamalang.com\\dkcraft.kadinkotamalang.com\\36\\public\\index.php')
INFO - 2024-08-06 02:40:22 --> CSRF token verified.
INFO - 2024-08-06 09:40:22 --> Session: Class initialized using 'CodeIgniter\Session\Handlers\FileHandler' driver.
INFO - 2024-08-06 02:40:22 --> Session: Class initialized using 'CodeIgniter\Session\Handlers\FileHandler' driver.
INFO - 2024-08-06 02:40:29 --> Session: Class initialized using 'CodeIgniter\Session\Handlers\FileHandler' driver.
INFO - 2024-08-06 02:40:34 --> Session: Class initialized using 'CodeIgniter\Session\Handlers\FileHandler' driver.
CRITICAL - 2024-08-06 02:40:34 --> Attempt to read property "id_slider" on null
in APPPATH\Views\admin\slider\edit.php on line 11.
 1 APPPATH\Views\admin\slider\edit.php(11): CodeIgniter\Debug\Exceptions->errorHandler(2, 'Attempt to read property "id_slider" on null', 'D:\\company profile\\dkcraft.kadinkotamalang.com\\dkcraft.kadinkotamalang.com\\36\\app\\Views\\admin\\slider\\edit.php', 11)
 2 SYSTEMPATH\View\View.php(224): include('D:\\company profile\\dkcraft.kadinkotamalang.com\\dkcraft.kadinkotamalang.com\\36\\app\\Views\\admin\\slider\\edit.php')
 3 SYSTEMPATH\View\View.php(227): CodeIgniter\View\View->CodeIgniter\View\{closure}()
 4 SYSTEMPATH\Common.php(1180): CodeIgniter\View\View->render('admin/slider/edit', [], true)
 5 APPPATH\Controllers\admin\Slider.php(90): view('admin/slider/edit', [...])
 6 SYSTEMPATH\CodeIgniter.php(932): App\Controllers\admin\Slider->edit('favicon.ico')
 7 SYSTEMPATH\CodeIgniter.php(497): CodeIgniter\CodeIgniter->runController(Object(App\Controllers\admin\Slider))
 8 SYSTEMPATH\CodeIgniter.php(366): CodeIgniter\CodeIgniter->handleRequest(null, Object(Config\Cache), false)
 9 FCPATH\index.php(67): CodeIgniter\CodeIgniter->run()
10 SYSTEMPATH\Commands\Server\rewrite.php(47): require_once('D:\\company profile\\dkcraft.kadinkotamalang.com\\dkcraft.kadinkotamalang.com\\36\\public\\index.php')
INFO - 2024-08-06 02:40:43 --> CSRF token verified.
INFO - 2024-08-06 09:40:43 --> Session: Class initialized using 'CodeIgniter\Session\Handlers\FileHandler' driver.
INFO - 2024-08-06 02:40:43 --> Session: Class initialized using 'CodeIgniter\Session\Handlers\FileHandler' driver.
INFO - 2024-08-06 02:40:55 --> Session: Class initialized using 'CodeIgniter\Session\Handlers\FileHandler' driver.
INFO - 2024-08-06 02:46:22 --> Session: Class initialized using 'CodeIgniter\Session\Handlers\FileHandler' driver.
INFO - 2024-08-06 02:46:33 --> Session: Class initialized using 'CodeIgniter\Session\Handlers\FileHandler' driver.
INFO - 2024-08-06 02:46:38 --> Session: Class initialized using 'CodeIgniter\Session\Handlers\FileHandler' driver.
CRITICAL - 2024-08-06 02:46:38 --> Attempt to read property "id_produk" on null
in APPPATH\Views\admin\produk\edit.php on line 17.
 1 APPPATH\Views\admin\produk\edit.php(17): CodeIgniter\Debug\Exceptions->errorHandler(2, 'Attempt to read property "id_produk" on null', 'D:\\company profile\\dkcraft.kadinkotamalang.com\\dkcraft.kadinkotamalang.com\\36\\app\\Views\\admin\\produk\\edit.php', 17)
 2 SYSTEMPATH\View\View.php(224): include('D:\\company profile\\dkcraft.kadinkotamalang.com\\dkcraft.kadinkotamalang.com\\36\\app\\Views\\admin\\produk\\edit.php')
 3 SYSTEMPATH\View\View.php(227): CodeIgniter\View\View->CodeIgniter\View\{closure}()
 4 SYSTEMPATH\Common.php(1180): CodeIgniter\View\View->render('admin/produk/edit', [], true)
 5 APPPATH\Controllers\admin\Produk.php(106): view('admin/produk/edit', [...])
 6 SYSTEMPATH\CodeIgniter.php(932): App\Controllers\admin\Produk->edit('favicon.ico')
 7 SYSTEMPATH\CodeIgniter.php(497): CodeIgniter\CodeIgniter->runController(Object(App\Controllers\admin\Produk))
 8 SYSTEMPATH\CodeIgniter.php(366): CodeIgniter\CodeIgniter->handleRequest(null, Object(Config\Cache), false)
 9 FCPATH\index.php(67): CodeIgniter\CodeIgniter->run()
10 SYSTEMPATH\Commands\Server\rewrite.php(47): require_once('D:\\company profile\\dkcraft.kadinkotamalang.com\\dkcraft.kadinkotamalang.com\\36\\public\\index.php')
INFO - 2024-08-06 02:47:13 --> CSRF token verified.
INFO - 2024-08-06 02:47:14 --> Session: Class initialized using 'CodeIgniter\Session\Handlers\FileHandler' driver.
INFO - 2024-08-06 02:47:14 --> Session: Class initialized using 'CodeIgniter\Session\Handlers\FileHandler' driver.
INFO - 2024-08-06 02:47:21 --> Session: Class initialized using 'CodeIgniter\Session\Handlers\FileHandler' driver.
INFO - 2024-08-06 02:47:25 --> Session: Class initialized using 'CodeIgniter\Session\Handlers\FileHandler' driver.
CRITICAL - 2024-08-06 02:47:25 --> Attempt to read property "id_produk" on null
in APPPATH\Views\admin\produk\edit.php on line 17.
 1 APPPATH\Views\admin\produk\edit.php(17): CodeIgniter\Debug\Exceptions->errorHandler(2, 'Attempt to read property "id_produk" on null', 'D:\\company profile\\dkcraft.kadinkotamalang.com\\dkcraft.kadinkotamalang.com\\36\\app\\Views\\admin\\produk\\edit.php', 17)
 2 SYSTEMPATH\View\View.php(224): include('D:\\company profile\\dkcraft.kadinkotamalang.com\\dkcraft.kadinkotamalang.com\\36\\app\\Views\\admin\\produk\\edit.php')
 3 SYSTEMPATH\View\View.php(227): CodeIgniter\View\View->CodeIgniter\View\{closure}()
 4 SYSTEMPATH\Common.php(1180): CodeIgniter\View\View->render('admin/produk/edit', [], true)
 5 APPPATH\Controllers\admin\Produk.php(106): view('admin/produk/edit', [...])
 6 SYSTEMPATH\CodeIgniter.php(932): App\Controllers\admin\Produk->edit('favicon.ico')
 7 SYSTEMPATH\CodeIgniter.php(497): CodeIgniter\CodeIgniter->runController(Object(App\Controllers\admin\Produk))
 8 SYSTEMPATH\CodeIgniter.php(366): CodeIgniter\CodeIgniter->handleRequest(null, Object(Config\Cache), false)
 9 FCPATH\index.php(67): CodeIgniter\CodeIgniter->run()
10 SYSTEMPATH\Commands\Server\rewrite.php(47): require_once('D:\\company profile\\dkcraft.kadinkotamalang.com\\dkcraft.kadinkotamalang.com\\36\\public\\index.php')
INFO - 2024-08-06 02:47:51 --> CSRF token verified.
INFO - 2024-08-06 02:47:52 --> Session: Class initialized using 'CodeIgniter\Session\Handlers\FileHandler' driver.
INFO - 2024-08-06 02:47:52 --> Session: Class initialized using 'CodeIgniter\Session\Handlers\FileHandler' driver.
INFO - 2024-08-06 02:47:58 --> Session: Class initialized using 'CodeIgniter\Session\Handlers\FileHandler' driver.
INFO - 2024-08-06 02:48:03 --> Session: Class initialized using 'CodeIgniter\Session\Handlers\FileHandler' driver.
CRITICAL - 2024-08-06 02:48:03 --> Attempt to read property "id_produk" on null
in APPPATH\Views\admin\produk\edit.php on line 17.
 1 APPPATH\Views\admin\produk\edit.php(17): CodeIgniter\Debug\Exceptions->errorHandler(2, 'Attempt to read property "id_produk" on null', 'D:\\company profile\\dkcraft.kadinkotamalang.com\\dkcraft.kadinkotamalang.com\\36\\app\\Views\\admin\\produk\\edit.php', 17)
 2 SYSTEMPATH\View\View.php(224): include('D:\\company profile\\dkcraft.kadinkotamalang.com\\dkcraft.kadinkotamalang.com\\36\\app\\Views\\admin\\produk\\edit.php')
 3 SYSTEMPATH\View\View.php(227): CodeIgniter\View\View->CodeIgniter\View\{closure}()
 4 SYSTEMPATH\Common.php(1180): CodeIgniter\View\View->render('admin/produk/edit', [], true)
 5 APPPATH\Controllers\admin\Produk.php(106): view('admin/produk/edit', [...])
 6 SYSTEMPATH\CodeIgniter.php(932): App\Controllers\admin\Produk->edit('favicon.ico')
 7 SYSTEMPATH\CodeIgniter.php(497): CodeIgniter\CodeIgniter->runController(Object(App\Controllers\admin\Produk))
 8 SYSTEMPATH\CodeIgniter.php(366): CodeIgniter\CodeIgniter->handleRequest(null, Object(Config\Cache), false)
 9 FCPATH\index.php(67): CodeIgniter\CodeIgniter->run()
10 SYSTEMPATH\Commands\Server\rewrite.php(47): require_once('D:\\company profile\\dkcraft.kadinkotamalang.com\\dkcraft.kadinkotamalang.com\\36\\public\\index.php')
INFO - 2024-08-06 02:48:43 --> CSRF token verified.
INFO - 2024-08-06 02:48:43 --> Session: Class initialized using 'CodeIgniter\Session\Handlers\FileHandler' driver.
INFO - 2024-08-06 02:48:43 --> Session: Class initialized using 'CodeIgniter\Session\Handlers\FileHandler' driver.
INFO - 2024-08-06 02:48:51 --> Session: Class initialized using 'CodeIgniter\Session\Handlers\FileHandler' driver.
INFO - 2024-08-06 02:48:56 --> Session: Class initialized using 'CodeIgniter\Session\Handlers\FileHandler' driver.
INFO - 2024-08-06 02:49:01 --> Session: Class initialized using 'CodeIgniter\Session\Handlers\FileHandler' driver.
INFO - 2024-08-06 02:53:08 --> Session: Class initialized using 'CodeIgniter\Session\Handlers\FileHandler' driver.
INFO - 2024-08-06 02:53:13 --> Session: Class initialized using 'CodeIgniter\Session\Handlers\FileHandler' driver.
CRITICAL - 2024-08-06 02:53:13 --> Attempt to read property "id_produk" on null
in APPPATH\Views\admin\produk\edit.php on line 17.
 1 APPPATH\Views\admin\produk\edit.php(17): CodeIgniter\Debug\Exceptions->errorHandler(2, 'Attempt to read property "id_produk" on null', 'D:\\company profile\\dkcraft.kadinkotamalang.com\\dkcraft.kadinkotamalang.com\\36\\app\\Views\\admin\\produk\\edit.php', 17)
 2 SYSTEMPATH\View\View.php(224): include('D:\\company profile\\dkcraft.kadinkotamalang.com\\dkcraft.kadinkotamalang.com\\36\\app\\Views\\admin\\produk\\edit.php')
 3 SYSTEMPATH\View\View.php(227): CodeIgniter\View\View->CodeIgniter\View\{closure}()
 4 SYSTEMPATH\Common.php(1180): CodeIgniter\View\View->render('admin/produk/edit', [], true)
 5 APPPATH\Controllers\admin\Produk.php(106): view('admin/produk/edit', [...])
 6 SYSTEMPATH\CodeIgniter.php(932): App\Controllers\admin\Produk->edit('favicon.ico')
 7 SYSTEMPATH\CodeIgniter.php(497): CodeIgniter\CodeIgniter->runController(Object(App\Controllers\admin\Produk))
 8 SYSTEMPATH\CodeIgniter.php(366): CodeIgniter\CodeIgniter->handleRequest(null, Object(Config\Cache), false)
 9 FCPATH\index.php(67): CodeIgniter\CodeIgniter->run()
10 SYSTEMPATH\Commands\Server\rewrite.php(47): require_once('D:\\company profile\\dkcraft.kadinkotamalang.com\\dkcraft.kadinkotamalang.com\\36\\public\\index.php')
INFO - 2024-08-06 02:53:44 --> CSRF token verified.
INFO - 2024-08-06 02:53:44 --> Session: Class initialized using 'CodeIgniter\Session\Handlers\FileHandler' driver.
INFO - 2024-08-06 02:53:44 --> Session: Class initialized using 'CodeIgniter\Session\Handlers\FileHandler' driver.
INFO - 2024-08-06 02:54:16 --> Session: Class initialized using 'CodeIgniter\Session\Handlers\FileHandler' driver.
INFO - 2024-08-06 02:54:20 --> Session: Class initialized using 'CodeIgniter\Session\Handlers\FileHandler' driver.
CRITICAL - 2024-08-06 02:54:21 --> Attempt to read property "id_produk" on null
in APPPATH\Views\admin\produk\edit.php on line 17.
 1 APPPATH\Views\admin\produk\edit.php(17): CodeIgniter\Debug\Exceptions->errorHandler(2, 'Attempt to read property "id_produk" on null', 'D:\\company profile\\dkcraft.kadinkotamalang.com\\dkcraft.kadinkotamalang.com\\36\\app\\Views\\admin\\produk\\edit.php', 17)
 2 SYSTEMPATH\View\View.php(224): include('D:\\company profile\\dkcraft.kadinkotamalang.com\\dkcraft.kadinkotamalang.com\\36\\app\\Views\\admin\\produk\\edit.php')
 3 SYSTEMPATH\View\View.php(227): CodeIgniter\View\View->CodeIgniter\View\{closure}()
 4 SYSTEMPATH\Common.php(1180): CodeIgniter\View\View->render('admin/produk/edit', [], true)
 5 APPPATH\Controllers\admin\Produk.php(106): view('admin/produk/edit', [...])
 6 SYSTEMPATH\CodeIgniter.php(932): App\Controllers\admin\Produk->edit('favicon.ico')
 7 SYSTEMPATH\CodeIgniter.php(497): CodeIgniter\CodeIgniter->runController(Object(App\Controllers\admin\Produk))
 8 SYSTEMPATH\CodeIgniter.php(366): CodeIgniter\CodeIgniter->handleRequest(null, Object(Config\Cache), false)
 9 FCPATH\index.php(67): CodeIgniter\CodeIgniter->run()
10 SYSTEMPATH\Commands\Server\rewrite.php(47): require_once('D:\\company profile\\dkcraft.kadinkotamalang.com\\dkcraft.kadinkotamalang.com\\36\\public\\index.php')
INFO - 2024-08-06 02:55:04 --> CSRF token verified.
INFO - 2024-08-06 02:55:04 --> Session: Class initialized using 'CodeIgniter\Session\Handlers\FileHandler' driver.
INFO - 2024-08-06 02:55:04 --> Session: Class initialized using 'CodeIgniter\Session\Handlers\FileHandler' driver.
INFO - 2024-08-06 02:55:16 --> Session: Class initialized using 'CodeIgniter\Session\Handlers\FileHandler' driver.
INFO - 2024-08-06 02:55:21 --> Session: Class initialized using 'CodeIgniter\Session\Handlers\FileHandler' driver.
CRITICAL - 2024-08-06 02:55:21 --> Attempt to read property "id_produk" on null
in APPPATH\Views\admin\produk\edit.php on line 17.
 1 APPPATH\Views\admin\produk\edit.php(17): CodeIgniter\Debug\Exceptions->errorHandler(2, 'Attempt to read property "id_produk" on null', 'D:\\company profile\\dkcraft.kadinkotamalang.com\\dkcraft.kadinkotamalang.com\\36\\app\\Views\\admin\\produk\\edit.php', 17)
 2 SYSTEMPATH\View\View.php(224): include('D:\\company profile\\dkcraft.kadinkotamalang.com\\dkcraft.kadinkotamalang.com\\36\\app\\Views\\admin\\produk\\edit.php')
 3 SYSTEMPATH\View\View.php(227): CodeIgniter\View\View->CodeIgniter\View\{closure}()
 4 SYSTEMPATH\Common.php(1180): CodeIgniter\View\View->render('admin/produk/edit', [], true)
 5 APPPATH\Controllers\admin\Produk.php(106): view('admin/produk/edit', [...])
 6 SYSTEMPATH\CodeIgniter.php(932): App\Controllers\admin\Produk->edit('favicon.ico')
 7 SYSTEMPATH\CodeIgniter.php(497): CodeIgniter\CodeIgniter->runController(Object(App\Controllers\admin\Produk))
 8 SYSTEMPATH\CodeIgniter.php(366): CodeIgniter\CodeIgniter->handleRequest(null, Object(Config\Cache), false)
 9 FCPATH\index.php(67): CodeIgniter\CodeIgniter->run()
10 SYSTEMPATH\Commands\Server\rewrite.php(47): require_once('D:\\company profile\\dkcraft.kadinkotamalang.com\\dkcraft.kadinkotamalang.com\\36\\public\\index.php')
INFO - 2024-08-06 02:55:40 --> CSRF token verified.
INFO - 2024-08-06 02:55:40 --> Session: Class initialized using 'CodeIgniter\Session\Handlers\FileHandler' driver.
INFO - 2024-08-06 02:55:40 --> Session: Class initialized using 'CodeIgniter\Session\Handlers\FileHandler' driver.
INFO - 2024-08-06 02:56:00 --> Session: Class initialized using 'CodeIgniter\Session\Handlers\FileHandler' driver.
INFO - 2024-08-06 02:56:44 --> Session: Class initialized using 'CodeIgniter\Session\Handlers\FileHandler' driver.
INFO - 2024-08-06 02:57:03 --> Session: Class initialized using 'CodeIgniter\Session\Handlers\FileHandler' driver.
INFO - 2024-08-06 03:00:10 --> Session: Class initialized using 'CodeIgniter\Session\Handlers\FileHandler' driver.
INFO - 2024-08-06 03:12:40 --> CSRF token verified.
INFO - 2024-08-06 03:12:40 --> Session: Class initialized using 'CodeIgniter\Session\Handlers\FileHandler' driver.
INFO - 2024-08-06 03:12:40 --> Session: Class initialized using 'CodeIgniter\Session\Handlers\FileHandler' driver.
INFO - 2024-08-06 03:12:45 --> Session: Class initialized using 'CodeIgniter\Session\Handlers\FileHandler' driver.
INFO - 2024-08-06 03:15:01 --> Session: Class initialized using 'CodeIgniter\Session\Handlers\FileHandler' driver.
INFO - 2024-08-06 03:15:21 --> CSRF token verified.
INFO - 2024-08-06 03:15:21 --> Session: Class initialized using 'CodeIgniter\Session\Handlers\FileHandler' driver.
INFO - 2024-08-06 03:15:21 --> Session: Class initialized using 'CodeIgniter\Session\Handlers\FileHandler' driver.
INFO - 2024-08-06 03:15:26 --> Session: Class initialized using 'CodeIgniter\Session\Handlers\FileHandler' driver.
INFO - 2024-08-06 03:16:15 --> CSRF token verified.
INFO - 2024-08-06 03:16:15 --> Session: Class initialized using 'CodeIgniter\Session\Handlers\FileHandler' driver.
INFO - 2024-08-06 03:16:15 --> Session: Class initialized using 'CodeIgniter\Session\Handlers\FileHandler' driver.
INFO - 2024-08-06 03:16:18 --> Session: Class initialized using 'CodeIgniter\Session\Handlers\FileHandler' driver.
INFO - 2024-08-06 03:16:37 --> Session: Class initialized using 'CodeIgniter\Session\Handlers\FileHandler' driver.
INFO - 2024-08-06 03:16:39 --> Session: Class initialized using 'CodeIgniter\Session\Handlers\FileHandler' driver.
INFO - 2024-08-06 03:18:32 --> CSRF token verified.
INFO - 2024-08-06 03:18:32 --> Session: Class initialized using 'CodeIgniter\Session\Handlers\FileHandler' driver.
INFO - 2024-08-06 03:18:33 --> Session: Class initialized using 'CodeIgniter\Session\Handlers\FileHandler' driver.
INFO - 2024-08-06 03:18:36 --> Session: Class initialized using 'CodeIgniter\Session\Handlers\FileHandler' driver.
INFO - 2024-08-06 03:19:32 --> CSRF token verified.
INFO - 2024-08-06 03:19:32 --> Session: Class initialized using 'CodeIgniter\Session\Handlers\FileHandler' driver.
INFO - 2024-08-06 03:19:33 --> Session: Class initialized using 'CodeIgniter\Session\Handlers\FileHandler' driver.
INFO - 2024-08-06 03:19:37 --> Session: Class initialized using 'CodeIgniter\Session\Handlers\FileHandler' driver.
INFO - 2024-08-06 03:20:59 --> CSRF token verified.
INFO - 2024-08-06 03:20:59 --> Session: Class initialized using 'CodeIgniter\Session\Handlers\FileHandler' driver.
INFO - 2024-08-06 03:21:00 --> Session: Class initialized using 'CodeIgniter\Session\Handlers\FileHandler' driver.
INFO - 2024-08-06 03:24:06 --> CSRF token verified.
INFO - 2024-08-06 03:24:06 --> Session: Class initialized using 'CodeIgniter\Session\Handlers\FileHandler' driver.
INFO - 2024-08-06 03:24:06 --> Session: Class initialized using 'CodeIgniter\Session\Handlers\FileHandler' driver.
INFO - 2024-08-06 03:24:11 --> Session: Class initialized using 'CodeIgniter\Session\Handlers\FileHandler' driver.
INFO - 2024-08-06 03:24:37 --> Session: Class initialized using 'CodeIgniter\Session\Handlers\FileHandler' driver.
INFO - 2024-08-06 03:52:54 --> Session: Class initialized using 'CodeIgniter\Session\Handlers\FileHandler' driver.
INFO - 2024-08-06 03:52:58 --> Session: Class initialized using 'CodeIgniter\Session\Handlers\FileHandler' driver.
INFO - 2024-08-06 03:53:02 --> Session: Class initialized using 'CodeIgniter\Session\Handlers\FileHandler' driver.
CRITICAL - 2024-08-06 03:54:28 --> The action you requested is not allowed.
in SYSTEMPATH\Security\Security.php on line 306.
 1 SYSTEMPATH\Security\Security.php(306): CodeIgniter\Security\Exceptions\SecurityException::forDisallowedAction()
 2 SYSTEMPATH\Filters\CSRF.php(55): CodeIgniter\Security\Security->verify(Object(CodeIgniter\HTTP\IncomingRequest))
 3 SYSTEMPATH\Filters\Filters.php(173): CodeIgniter\Filters\CSRF->before(Object(CodeIgniter\HTTP\IncomingRequest), null)
 4 SYSTEMPATH\CodeIgniter.php(471): CodeIgniter\Filters\Filters->run('admin/profil/proses_edit', 'before')
 5 SYSTEMPATH\CodeIgniter.php(366): CodeIgniter\CodeIgniter->handleRequest(null, Object(Config\Cache), false)
 6 FCPATH\index.php(67): CodeIgniter\CodeIgniter->run()
 7 SYSTEMPATH\Commands\Server\rewrite.php(47): require_once('D:\\company profile\\dkcraft.kadinkotamalang.com\\dkcraft.kadinkotamalang.com\\36\\public\\index.php')
INFO - 2024-08-06 03:54:35 --> Session: Class initialized using 'CodeIgniter\Session\Handlers\FileHandler' driver.
INFO - 2024-08-06 03:54:46 --> CSRF token verified.
INFO - 2024-08-06 03:54:46 --> Session: Class initialized using 'CodeIgniter\Session\Handlers\FileHandler' driver.
INFO - 2024-08-06 03:54:47 --> Session: Class initialized using 'CodeIgniter\Session\Handlers\FileHandler' driver.
INFO - 2024-08-06 03:54:50 --> Session: Class initialized using 'CodeIgniter\Session\Handlers\FileHandler' driver.
INFO - 2024-08-06 03:55:09 --> CSRF token verified.
INFO - 2024-08-06 03:55:09 --> Session: Class initialized using 'CodeIgniter\Session\Handlers\FileHandler' driver.
INFO - 2024-08-06 03:55:09 --> Session: Class initialized using 'CodeIgniter\Session\Handlers\FileHandler' driver.
INFO - 2024-08-06 03:55:14 --> Session: Class initialized using 'CodeIgniter\Session\Handlers\FileHandler' driver.
INFO - 2024-08-06 03:56:14 --> CSRF token verified.
INFO - 2024-08-06 03:56:14 --> Session: Class initialized using 'CodeIgniter\Session\Handlers\FileHandler' driver.
INFO - 2024-08-06 03:56:15 --> Session: Class initialized using 'CodeIgniter\Session\Handlers\FileHandler' driver.
INFO - 2024-08-06 03:56:20 --> Session: Class initialized using 'CodeIgniter\Session\Handlers\FileHandler' driver.
INFO - 2024-08-06 03:56:40 --> Session: Class initialized using 'CodeIgniter\Session\Handlers\FileHandler' driver.
INFO - 2024-08-06 03:56:43 --> Session: Class initialized using 'CodeIgniter\Session\Handlers\FileHandler' driver.
INFO - 2024-08-06 03:59:01 --> Session: Class initialized using 'CodeIgniter\Session\Handlers\FileHandler' driver.
INFO - 2024-08-06 03:59:04 --> Session: Class initialized using 'CodeIgniter\Session\Handlers\FileHandler' driver.
INFO - 2024-08-06 04:01:04 --> Session: Class initialized using 'CodeIgniter\Session\Handlers\FileHandler' driver.
INFO - 2024-08-06 04:01:14 --> Session: Class initialized using 'CodeIgniter\Session\Handlers\FileHandler' driver.
INFO - 2024-08-06 04:01:19 --> Session: Class initialized using 'CodeIgniter\Session\Handlers\FileHandler' driver.
INFO - 2024-08-06 04:01:21 --> Session: Class initialized using 'CodeIgniter\Session\Handlers\FileHandler' driver.
INFO - 2024-08-06 04:01:25 --> Session: Class initialized using 'CodeIgniter\Session\Handlers\FileHandler' driver.
INFO - 2024-08-06 04:01:28 --> Session: Class initialized using 'CodeIgniter\Session\Handlers\FileHandler' driver.
INFO - 2024-08-06 04:02:10 --> Session: Class initialized using 'CodeIgniter\Session\Handlers\FileHandler' driver.
INFO - 2024-08-06 04:02:37 --> Session: Class initialized using 'CodeIgniter\Session\Handlers\FileHandler' driver.
INFO - 2024-08-06 04:02:39 --> Session: Class initialized using 'CodeIgniter\Session\Handlers\FileHandler' driver.
INFO - 2024-08-06 04:02:48 --> Session: Class initialized using 'CodeIgniter\Session\Handlers\FileHandler' driver.
INFO - 2024-08-06 04:02:50 --> Session: Class initialized using 'CodeIgniter\Session\Handlers\FileHandler' driver.
INFO - 2024-08-06 04:02:57 --> Session: Class initialized using 'CodeIgniter\Session\Handlers\FileHandler' driver.
INFO - 2024-08-06 04:03:57 --> Session: Class initialized using 'CodeIgniter\Session\Handlers\FileHandler' driver.
INFO - 2024-08-06 04:04:00 --> Session: Class initialized using 'CodeIgniter\Session\Handlers\FileHandler' driver.
INFO - 2024-08-06 04:04:02 --> Session: Class initialized using 'CodeIgniter\Session\Handlers\FileHandler' driver.
INFO - 2024-08-06 04:04:04 --> Session: Class initialized using 'CodeIgniter\Session\Handlers\FileHandler' driver.
INFO - 2024-08-06 04:04:06 --> Session: Class initialized using 'CodeIgniter\Session\Handlers\FileHandler' driver.
INFO - 2024-08-06 04:04:41 --> Session: Class initialized using 'CodeIgniter\Session\Handlers\FileHandler' driver.
INFO - 2024-08-06 04:04:47 --> Session: Class initialized using 'CodeIgniter\Session\Handlers\FileHandler' driver.
INFO - 2024-08-06 04:04:52 --> Session: Class initialized using 'CodeIgniter\Session\Handlers\FileHandler' driver.
INFO - 2024-08-06 04:04:59 --> Session: Class initialized using 'CodeIgniter\Session\Handlers\FileHandler' driver.
INFO - 2024-08-06 04:05:25 --> Session: Class initialized using 'CodeIgniter\Session\Handlers\FileHandler' driver.
INFO - 2024-08-06 04:05:28 --> Session: Class initialized using 'CodeIgniter\Session\Handlers\FileHandler' driver.
INFO - 2024-08-06 04:07:37 --> Session: Class initialized using 'CodeIgniter\Session\Handlers\FileHandler' driver.
INFO - 2024-08-06 04:07:39 --> Session: Class initialized using 'CodeIgniter\Session\Handlers\FileHandler' driver.
INFO - 2024-08-06 04:07:42 --> Session: Class initialized using 'CodeIgniter\Session\Handlers\FileHandler' driver.
INFO - 2024-08-06 04:07:44 --> Session: Class initialized using 'CodeIgniter\Session\Handlers\FileHandler' driver.
INFO - 2024-08-06 04:07:45 --> Session: Class initialized using 'CodeIgniter\Session\Handlers\FileHandler' driver.
INFO - 2024-08-06 04:07:47 --> Session: Class initialized using 'CodeIgniter\Session\Handlers\FileHandler' driver.
INFO - 2024-08-06 04:07:49 --> Session: Class initialized using 'CodeIgniter\Session\Handlers\FileHandler' driver.
INFO - 2024-08-06 04:07:51 --> Session: Class initialized using 'CodeIgniter\Session\Handlers\FileHandler' driver.
INFO - 2024-08-06 04:12:10 --> Session: Class initialized using 'CodeIgniter\Session\Handlers\FileHandler' driver.
INFO - 2024-08-06 04:14:37 --> Session: Class initialized using 'CodeIgniter\Session\Handlers\FileHandler' driver.
INFO - 2024-08-06 04:14:43 --> Session: Class initialized using 'CodeIgniter\Session\Handlers\FileHandler' driver.
INFO - 2024-08-06 04:14:45 --> Session: Class initialized using 'CodeIgniter\Session\Handlers\FileHandler' driver.
INFO - 2024-08-06 04:14:47 --> Session: Class initialized using 'CodeIgniter\Session\Handlers\FileHandler' driver.
INFO - 2024-08-06 04:15:39 --> Session: Class initialized using 'CodeIgniter\Session\Handlers\FileHandler' driver.
INFO - 2024-08-06 04:16:09 --> Session: Class initialized using 'CodeIgniter\Session\Handlers\FileHandler' driver.
INFO - 2024-08-06 04:16:14 --> Session: Class initialized using 'CodeIgniter\Session\Handlers\FileHandler' driver.
INFO - 2024-08-06 04:16:16 --> Session: Class initialized using 'CodeIgniter\Session\Handlers\FileHandler' driver.
INFO - 2024-08-06 04:16:19 --> Session: Class initialized using 'CodeIgniter\Session\Handlers\FileHandler' driver.
INFO - 2024-08-06 04:16:53 --> Session: Class initialized using 'CodeIgniter\Session\Handlers\FileHandler' driver.
INFO - 2024-08-06 04:16:55 --> Session: Class initialized using 'CodeIgniter\Session\Handlers\FileHandler' driver.
INFO - 2024-08-06 04:16:57 --> Session: Class initialized using 'CodeIgniter\Session\Handlers\FileHandler' driver.
INFO - 2024-08-06 04:17:22 --> Session: Class initialized using 'CodeIgniter\Session\Handlers\FileHandler' driver.
INFO - 2024-08-06 04:18:41 --> Session: Class initialized using 'CodeIgniter\Session\Handlers\FileHandler' driver.
INFO - 2024-08-06 04:18:51 --> Session: Class initialized using 'CodeIgniter\Session\Handlers\FileHandler' driver.
INFO - 2024-08-06 04:18:52 --> Session: Class initialized using 'CodeIgniter\Session\Handlers\FileHandler' driver.
INFO - 2024-08-06 04:18:53 --> Session: Class initialized using 'CodeIgniter\Session\Handlers\FileHandler' driver.
INFO - 2024-08-06 04:18:58 --> Session: Class initialized using 'CodeIgniter\Session\Handlers\FileHandler' driver.
INFO - 2024-08-06 04:19:04 --> Session: Class initialized using 'CodeIgniter\Session\Handlers\FileHandler' driver.
INFO - 2024-08-06 04:19:06 --> Session: Class initialized using 'CodeIgniter\Session\Handlers\FileHandler' driver.
INFO - 2024-08-06 04:19:13 --> Session: Class initialized using 'CodeIgniter\Session\Handlers\FileHandler' driver.
INFO - 2024-08-06 04:19:17 --> Session: Class initialized using 'CodeIgniter\Session\Handlers\FileHandler' driver.
INFO - 2024-08-06 04:23:50 --> Session: Class initialized using 'CodeIgniter\Session\Handlers\FileHandler' driver.
INFO - 2024-08-06 04:24:44 --> Session: Class initialized using 'CodeIgniter\Session\Handlers\FileHandler' driver.
INFO - 2024-08-06 04:24:50 --> Session: Class initialized using 'CodeIgniter\Session\Handlers\FileHandler' driver.
INFO - 2024-08-06 04:26:05 --> Session: Class initialized using 'CodeIgniter\Session\Handlers\FileHandler' driver.
INFO - 2024-08-06 04:26:27 --> Session: Class initialized using 'CodeIgniter\Session\Handlers\FileHandler' driver.
INFO - 2024-08-06 04:26:49 --> Session: Class initialized using 'CodeIgniter\Session\Handlers\FileHandler' driver.
INFO - 2024-08-06 04:28:50 --> Session: Class initialized using 'CodeIgniter\Session\Handlers\FileHandler' driver.
INFO - 2024-08-06 04:28:52 --> Session: Class initialized using 'CodeIgniter\Session\Handlers\FileHandler' driver.
INFO - 2024-08-06 04:28:55 --> Session: Class initialized using 'CodeIgniter\Session\Handlers\FileHandler' driver.
INFO - 2024-08-06 04:28:57 --> Session: Class initialized using 'CodeIgniter\Session\Handlers\FileHandler' driver.
INFO - 2024-08-06 04:29:00 --> Session: Class initialized using 'CodeIgniter\Session\Handlers\FileHandler' driver.
INFO - 2024-08-06 06:08:45 --> Session: Class initialized using 'CodeIgniter\Session\Handlers\FileHandler' driver.
INFO - 2024-08-06 06:11:13 --> Session: Class initialized using 'CodeIgniter\Session\Handlers\FileHandler' driver.
INFO - 2024-08-06 06:11:18 --> Session: Class initialized using 'CodeIgniter\Session\Handlers\FileHandler' driver.
CRITICAL - 2024-08-06 06:11:18 --> Attempt to read property "id_aktivitas" on null
in APPPATH\Views\admin\aktivitas\edit.php on line 11.
 1 APPPATH\Views\admin\aktivitas\edit.php(11): CodeIgniter\Debug\Exceptions->errorHandler(2, 'Attempt to read property "id_aktivitas" on null', 'D:\\company profile\\dkcraft.kadinkotamalang.com\\dkcraft.kadinkotamalang.com\\36\\app\\Views\\admin\\aktivitas\\edit.php', 11)
 2 SYSTEMPATH\View\View.php(224): include('D:\\company profile\\dkcraft.kadinkotamalang.com\\dkcraft.kadinkotamalang.com\\36\\app\\Views\\admin\\aktivitas\\edit.php')
 3 SYSTEMPATH\View\View.php(227): CodeIgniter\View\View->CodeIgniter\View\{closure}()
 4 SYSTEMPATH\Common.php(1180): CodeIgniter\View\View->render('admin/aktivitas/edit', [], true)
 5 APPPATH\Controllers\admin\Aktivitas.php(102): view('admin/aktivitas/edit', [...])
 6 SYSTEMPATH\CodeIgniter.php(932): App\Controllers\admin\Aktivitas->edit('favicon.ico')
 7 SYSTEMPATH\CodeIgniter.php(497): CodeIgniter\CodeIgniter->runController(Object(App\Controllers\admin\Aktivitas))
 8 SYSTEMPATH\CodeIgniter.php(366): CodeIgniter\CodeIgniter->handleRequest(null, Object(Config\Cache), false)
 9 FCPATH\index.php(67): CodeIgniter\CodeIgniter->run()
10 SYSTEMPATH\Commands\Server\rewrite.php(47): require_once('D:\\company profile\\dkcraft.kadinkotamalang.com\\dkcraft.kadinkotamalang.com\\36\\public\\index.php')
INFO - 2024-08-06 06:13:51 --> CSRF token verified.
INFO - 2024-08-06 13:13:51 --> Session: Class initialized using 'CodeIgniter\Session\Handlers\FileHandler' driver.
INFO - 2024-08-06 06:13:51 --> Session: Class initialized using 'CodeIgniter\Session\Handlers\FileHandler' driver.
INFO - 2024-08-06 06:14:00 --> Session: Class initialized using 'CodeIgniter\Session\Handlers\FileHandler' driver.
INFO - 2024-08-06 06:14:06 --> Session: Class initialized using 'CodeIgniter\Session\Handlers\FileHandler' driver.
CRITICAL - 2024-08-06 06:14:06 --> Attempt to read property "id_aktivitas" on null
in APPPATH\Views\admin\aktivitas\edit.php on line 11.
 1 APPPATH\Views\admin\aktivitas\edit.php(11): CodeIgniter\Debug\Exceptions->errorHandler(2, 'Attempt to read property "id_aktivitas" on null', 'D:\\company profile\\dkcraft.kadinkotamalang.com\\dkcraft.kadinkotamalang.com\\36\\app\\Views\\admin\\aktivitas\\edit.php', 11)
 2 SYSTEMPATH\View\View.php(224): include('D:\\company profile\\dkcraft.kadinkotamalang.com\\dkcraft.kadinkotamalang.com\\36\\app\\Views\\admin\\aktivitas\\edit.php')
 3 SYSTEMPATH\View\View.php(227): CodeIgniter\View\View->CodeIgniter\View\{closure}()
 4 SYSTEMPATH\Common.php(1180): CodeIgniter\View\View->render('admin/aktivitas/edit', [], true)
 5 APPPATH\Controllers\admin\Aktivitas.php(102): view('admin/aktivitas/edit', [...])
 6 SYSTEMPATH\CodeIgniter.php(932): App\Controllers\admin\Aktivitas->edit('favicon.ico')
 7 SYSTEMPATH\CodeIgniter.php(497): CodeIgniter\CodeIgniter->runController(Object(App\Controllers\admin\Aktivitas))
 8 SYSTEMPATH\CodeIgniter.php(366): CodeIgniter\CodeIgniter->handleRequest(null, Object(Config\Cache), false)
 9 FCPATH\index.php(67): CodeIgniter\CodeIgniter->run()
10 SYSTEMPATH\Commands\Server\rewrite.php(47): require_once('D:\\company profile\\dkcraft.kadinkotamalang.com\\dkcraft.kadinkotamalang.com\\36\\public\\index.php')
INFO - 2024-08-06 06:14:49 --> CSRF token verified.
CRITICAL - 2024-08-06 13:14:49 --> unlink(asset-user/images/img_sq_3.jpg): No such file or directory
in APPPATH\Controllers\admin\Aktivitas.php on line 138.
 1 [internal function]: CodeIgniter\Debug\Exceptions->errorHandler(2, 'unlink(asset-user/images/img_sq_3.jpg): No such file or directory', 'D:\\company profile\\dkcraft.kadinkotamalang.com\\dkcraft.kadinkotamalang.com\\36\\app\\Controllers\\admin\\Aktivitas.php', 138)
 2 APPPATH\Controllers\admin\Aktivitas.php(138): unlink('asset-user/images/img_sq_3.jpg')
 3 SYSTEMPATH\CodeIgniter.php(932): App\Controllers\admin\Aktivitas->proses_edit('2')
 4 SYSTEMPATH\CodeIgniter.php(497): CodeIgniter\CodeIgniter->runController(Object(App\Controllers\admin\Aktivitas))
 5 SYSTEMPATH\CodeIgniter.php(366): CodeIgniter\CodeIgniter->handleRequest(null, Object(Config\Cache), false)
 6 FCPATH\index.php(67): CodeIgniter\CodeIgniter->run()
 7 SYSTEMPATH\Commands\Server\rewrite.php(47): require_once('D:\\company profile\\dkcraft.kadinkotamalang.com\\dkcraft.kadinkotamalang.com\\36\\public\\index.php')
INFO - 2024-08-06 06:14:58 --> Session: Class initialized using 'CodeIgniter\Session\Handlers\FileHandler' driver.
INFO - 2024-08-06 06:15:02 --> Session: Class initialized using 'CodeIgniter\Session\Handlers\FileHandler' driver.
CRITICAL - 2024-08-06 06:15:02 --> Attempt to read property "id_aktivitas" on null
in APPPATH\Views\admin\aktivitas\edit.php on line 11.
 1 APPPATH\Views\admin\aktivitas\edit.php(11): CodeIgniter\Debug\Exceptions->errorHandler(2, 'Attempt to read property "id_aktivitas" on null', 'D:\\company profile\\dkcraft.kadinkotamalang.com\\dkcraft.kadinkotamalang.com\\36\\app\\Views\\admin\\aktivitas\\edit.php', 11)
 2 SYSTEMPATH\View\View.php(224): include('D:\\company profile\\dkcraft.kadinkotamalang.com\\dkcraft.kadinkotamalang.com\\36\\app\\Views\\admin\\aktivitas\\edit.php')
 3 SYSTEMPATH\View\View.php(227): CodeIgniter\View\View->CodeIgniter\View\{closure}()
 4 SYSTEMPATH\Common.php(1180): CodeIgniter\View\View->render('admin/aktivitas/edit', [], true)
 5 APPPATH\Controllers\admin\Aktivitas.php(102): view('admin/aktivitas/edit', [...])
 6 SYSTEMPATH\CodeIgniter.php(932): App\Controllers\admin\Aktivitas->edit('favicon.ico')
 7 SYSTEMPATH\CodeIgniter.php(497): CodeIgniter\CodeIgniter->runController(Object(App\Controllers\admin\Aktivitas))
 8 SYSTEMPATH\CodeIgniter.php(366): CodeIgniter\CodeIgniter->handleRequest(null, Object(Config\Cache), false)
 9 FCPATH\index.php(67): CodeIgniter\CodeIgniter->run()
10 SYSTEMPATH\Commands\Server\rewrite.php(47): require_once('D:\\company profile\\dkcraft.kadinkotamalang.com\\dkcraft.kadinkotamalang.com\\36\\public\\index.php')
INFO - 2024-08-06 06:15:05 --> CSRF token verified.
CRITICAL - 2024-08-06 13:15:05 --> unlink(asset-user/images/img_sq_3.jpg): No such file or directory
in APPPATH\Controllers\admin\Aktivitas.php on line 138.
 1 [internal function]: CodeIgniter\Debug\Exceptions->errorHandler(2, 'unlink(asset-user/images/img_sq_3.jpg): No such file or directory', 'D:\\company profile\\dkcraft.kadinkotamalang.com\\dkcraft.kadinkotamalang.com\\36\\app\\Controllers\\admin\\Aktivitas.php', 138)
 2 APPPATH\Controllers\admin\Aktivitas.php(138): unlink('asset-user/images/img_sq_3.jpg')
 3 SYSTEMPATH\CodeIgniter.php(932): App\Controllers\admin\Aktivitas->proses_edit('2')
 4 SYSTEMPATH\CodeIgniter.php(497): CodeIgniter\CodeIgniter->runController(Object(App\Controllers\admin\Aktivitas))
 5 SYSTEMPATH\CodeIgniter.php(366): CodeIgniter\CodeIgniter->handleRequest(null, Object(Config\Cache), false)
 6 FCPATH\index.php(67): CodeIgniter\CodeIgniter->run()
 7 SYSTEMPATH\Commands\Server\rewrite.php(47): require_once('D:\\company profile\\dkcraft.kadinkotamalang.com\\dkcraft.kadinkotamalang.com\\36\\public\\index.php')
INFO - 2024-08-06 06:15:07 --> Session: Class initialized using 'CodeIgniter\Session\Handlers\FileHandler' driver.
INFO - 2024-08-06 06:15:12 --> Session: Class initialized using 'CodeIgniter\Session\Handlers\FileHandler' driver.
CRITICAL - 2024-08-06 06:15:12 --> Attempt to read property "id_aktivitas" on null
in APPPATH\Views\admin\aktivitas\edit.php on line 11.
 1 APPPATH\Views\admin\aktivitas\edit.php(11): CodeIgniter\Debug\Exceptions->errorHandler(2, 'Attempt to read property "id_aktivitas" on null', 'D:\\company profile\\dkcraft.kadinkotamalang.com\\dkcraft.kadinkotamalang.com\\36\\app\\Views\\admin\\aktivitas\\edit.php', 11)
 2 SYSTEMPATH\View\View.php(224): include('D:\\company profile\\dkcraft.kadinkotamalang.com\\dkcraft.kadinkotamalang.com\\36\\app\\Views\\admin\\aktivitas\\edit.php')
 3 SYSTEMPATH\View\View.php(227): CodeIgniter\View\View->CodeIgniter\View\{closure}()
 4 SYSTEMPATH\Common.php(1180): CodeIgniter\View\View->render('admin/aktivitas/edit', [], true)
 5 APPPATH\Controllers\admin\Aktivitas.php(102): view('admin/aktivitas/edit', [...])
 6 SYSTEMPATH\CodeIgniter.php(932): App\Controllers\admin\Aktivitas->edit('favicon.ico')
 7 SYSTEMPATH\CodeIgniter.php(497): CodeIgniter\CodeIgniter->runController(Object(App\Controllers\admin\Aktivitas))
 8 SYSTEMPATH\CodeIgniter.php(366): CodeIgniter\CodeIgniter->handleRequest(null, Object(Config\Cache), false)
 9 FCPATH\index.php(67): CodeIgniter\CodeIgniter->run()
10 SYSTEMPATH\Commands\Server\rewrite.php(47): require_once('D:\\company profile\\dkcraft.kadinkotamalang.com\\dkcraft.kadinkotamalang.com\\36\\public\\index.php')
INFO - 2024-08-06 06:18:18 --> Session: Class initialized using 'CodeIgniter\Session\Handlers\FileHandler' driver.
INFO - 2024-08-06 06:18:25 --> Session: Class initialized using 'CodeIgniter\Session\Handlers\FileHandler' driver.
INFO - 2024-08-06 06:18:58 --> Session: Class initialized using 'CodeIgniter\Session\Handlers\FileHandler' driver.
INFO - 2024-08-06 06:19:02 --> Session: Class initialized using 'CodeIgniter\Session\Handlers\FileHandler' driver.
INFO - 2024-08-06 06:21:49 --> Session: Class initialized using 'CodeIgniter\Session\Handlers\FileHandler' driver.
INFO - 2024-08-06 06:21:58 --> Session: Class initialized using 'CodeIgniter\Session\Handlers\FileHandler' driver.
INFO - 2024-08-06 06:22:00 --> Session: Class initialized using 'CodeIgniter\Session\Handlers\FileHandler' driver.
INFO - 2024-08-06 06:23:00 --> Session: Class initialized using 'CodeIgniter\Session\Handlers\FileHandler' driver.
INFO - 2024-08-06 06:23:03 --> Session: Class initialized using 'CodeIgniter\Session\Handlers\FileHandler' driver.
INFO - 2024-08-06 06:23:05 --> Session: Class initialized using 'CodeIgniter\Session\Handlers\FileHandler' driver.
INFO - 2024-08-06 06:35:06 --> Session: Class initialized using 'CodeIgniter\Session\Handlers\FileHandler' driver.
INFO - 2024-08-06 06:42:49 --> Session: Class initialized using 'CodeIgniter\Session\Handlers\FileHandler' driver.
INFO - 2024-08-06 06:47:17 --> Session: Class initialized using 'CodeIgniter\Session\Handlers\FileHandler' driver.
INFO - 2024-08-06 06:47:30 --> Session: Class initialized using 'CodeIgniter\Session\Handlers\FileHandler' driver.
INFO - 2024-08-06 06:47:33 --> Session: Class initialized using 'CodeIgniter\Session\Handlers\FileHandler' driver.
INFO - 2024-08-06 06:48:04 --> Session: Class initialized using 'CodeIgniter\Session\Handlers\FileHandler' driver.
INFO - 2024-08-06 06:48:12 --> Session: Class initialized using 'CodeIgniter\Session\Handlers\FileHandler' driver.
INFO - 2024-08-06 07:06:57 --> Session: Class initialized using 'CodeIgniter\Session\Handlers\FileHandler' driver.
INFO - 2024-08-06 07:07:01 --> Session: Class initialized using 'CodeIgniter\Session\Handlers\FileHandler' driver.
INFO - 2024-08-06 07:07:01 --> Session: Class initialized using 'CodeIgniter\Session\Handlers\FileHandler' driver.
INFO - 2024-08-06 07:07:04 --> Session: Class initialized using 'CodeIgniter\Session\Handlers\FileHandler' driver.
INFO - 2024-08-06 08:32:20 --> Session: Class initialized using 'CodeIgniter\Session\Handlers\FileHandler' driver.
INFO - 2024-08-06 08:32:23 --> Session: Class initialized using 'CodeIgniter\Session\Handlers\FileHandler' driver.
INFO - 2024-08-06 08:32:23 --> Session: Class initialized using 'CodeIgniter\Session\Handlers\FileHandler' driver.
INFO - 2024-08-06 08:32:39 --> Session: Class initialized using 'CodeIgniter\Session\Handlers\FileHandler' driver.
INFO - 2024-08-06 08:32:45 --> Session: Class initialized using 'CodeIgniter\Session\Handlers\FileHandler' driver.
INFO - 2024-08-06 08:32:50 --> Session: Class initialized using 'CodeIgniter\Session\Handlers\FileHandler' driver.
CRITICAL - 2024-08-06 08:32:50 --> Attempt to read property "id_produk" on null
in APPPATH\Views\admin\produk\edit.php on line 17.
 1 APPPATH\Views\admin\produk\edit.php(17): CodeIgniter\Debug\Exceptions->errorHandler(2, 'Attempt to read property "id_produk" on null', 'D:\\company profile\\dkcraft.kadinkotamalang.com\\dkcraft.kadinkotamalang.com\\36\\app\\Views\\admin\\produk\\edit.php', 17)
 2 SYSTEMPATH\View\View.php(224): include('D:\\company profile\\dkcraft.kadinkotamalang.com\\dkcraft.kadinkotamalang.com\\36\\app\\Views\\admin\\produk\\edit.php')
 3 SYSTEMPATH\View\View.php(227): CodeIgniter\View\View->CodeIgniter\View\{closure}()
 4 SYSTEMPATH\Common.php(1180): CodeIgniter\View\View->render('admin/produk/edit', [], true)
 5 APPPATH\Controllers\admin\Produk.php(106): view('admin/produk/edit', [...])
 6 SYSTEMPATH\CodeIgniter.php(932): App\Controllers\admin\Produk->edit('favicon.ico')
 7 SYSTEMPATH\CodeIgniter.php(497): CodeIgniter\CodeIgniter->runController(Object(App\Controllers\admin\Produk))
 8 SYSTEMPATH\CodeIgniter.php(366): CodeIgniter\CodeIgniter->handleRequest(null, Object(Config\Cache), false)
 9 FCPATH\index.php(67): CodeIgniter\CodeIgniter->run()
10 SYSTEMPATH\Commands\Server\rewrite.php(47): require_once('D:\\company profile\\dkcraft.kadinkotamalang.com\\dkcraft.kadinkotamalang.com\\36\\public\\index.php')
INFO - 2024-08-06 08:33:14 --> CSRF token verified.
INFO - 2024-08-06 08:33:14 --> Session: Class initialized using 'CodeIgniter\Session\Handlers\FileHandler' driver.
INFO - 2024-08-06 08:33:15 --> Session: Class initialized using 'CodeIgniter\Session\Handlers\FileHandler' driver.
INFO - 2024-08-06 08:33:23 --> Session: Class initialized using 'CodeIgniter\Session\Handlers\FileHandler' driver.
INFO - 2024-08-06 08:33:29 --> Session: Class initialized using 'CodeIgniter\Session\Handlers\FileHandler' driver.
CRITICAL - 2024-08-06 08:33:29 --> Attempt to read property "id_produk" on null
in APPPATH\Views\admin\produk\edit.php on line 17.
 1 APPPATH\Views\admin\produk\edit.php(17): CodeIgniter\Debug\Exceptions->errorHandler(2, 'Attempt to read property "id_produk" on null', 'D:\\company profile\\dkcraft.kadinkotamalang.com\\dkcraft.kadinkotamalang.com\\36\\app\\Views\\admin\\produk\\edit.php', 17)
 2 SYSTEMPATH\View\View.php(224): include('D:\\company profile\\dkcraft.kadinkotamalang.com\\dkcraft.kadinkotamalang.com\\36\\app\\Views\\admin\\produk\\edit.php')
 3 SYSTEMPATH\View\View.php(227): CodeIgniter\View\View->CodeIgniter\View\{closure}()
 4 SYSTEMPATH\Common.php(1180): CodeIgniter\View\View->render('admin/produk/edit', [], true)
 5 APPPATH\Controllers\admin\Produk.php(106): view('admin/produk/edit', [...])
 6 SYSTEMPATH\CodeIgniter.php(932): App\Controllers\admin\Produk->edit('favicon.ico')
 7 SYSTEMPATH\CodeIgniter.php(497): CodeIgniter\CodeIgniter->runController(Object(App\Controllers\admin\Produk))
 8 SYSTEMPATH\CodeIgniter.php(366): CodeIgniter\CodeIgniter->handleRequest(null, Object(Config\Cache), false)
 9 FCPATH\index.php(67): CodeIgniter\CodeIgniter->run()
10 SYSTEMPATH\Commands\Server\rewrite.php(47): require_once('D:\\company profile\\dkcraft.kadinkotamalang.com\\dkcraft.kadinkotamalang.com\\36\\public\\index.php')
INFO - 2024-08-06 08:33:44 --> CSRF token verified.
INFO - 2024-08-06 08:33:44 --> Session: Class initialized using 'CodeIgniter\Session\Handlers\FileHandler' driver.
INFO - 2024-08-06 08:33:44 --> Session: Class initialized using 'CodeIgniter\Session\Handlers\FileHandler' driver.
INFO - 2024-08-06 08:33:51 --> Session: Class initialized using 'CodeIgniter\Session\Handlers\FileHandler' driver.
INFO - 2024-08-06 08:33:56 --> Session: Class initialized using 'CodeIgniter\Session\Handlers\FileHandler' driver.
CRITICAL - 2024-08-06 08:33:56 --> Attempt to read property "id_produk" on null
in APPPATH\Views\admin\produk\edit.php on line 17.
 1 APPPATH\Views\admin\produk\edit.php(17): CodeIgniter\Debug\Exceptions->errorHandler(2, 'Attempt to read property "id_produk" on null', 'D:\\company profile\\dkcraft.kadinkotamalang.com\\dkcraft.kadinkotamalang.com\\36\\app\\Views\\admin\\produk\\edit.php', 17)
 2 SYSTEMPATH\View\View.php(224): include('D:\\company profile\\dkcraft.kadinkotamalang.com\\dkcraft.kadinkotamalang.com\\36\\app\\Views\\admin\\produk\\edit.php')
 3 SYSTEMPATH\View\View.php(227): CodeIgniter\View\View->CodeIgniter\View\{closure}()
 4 SYSTEMPATH\Common.php(1180): CodeIgniter\View\View->render('admin/produk/edit', [], true)
 5 APPPATH\Controllers\admin\Produk.php(106): view('admin/produk/edit', [...])
 6 SYSTEMPATH\CodeIgniter.php(932): App\Controllers\admin\Produk->edit('favicon.ico')
 7 SYSTEMPATH\CodeIgniter.php(497): CodeIgniter\CodeIgniter->runController(Object(App\Controllers\admin\Produk))
 8 SYSTEMPATH\CodeIgniter.php(366): CodeIgniter\CodeIgniter->handleRequest(null, Object(Config\Cache), false)
 9 FCPATH\index.php(67): CodeIgniter\CodeIgniter->run()
10 SYSTEMPATH\Commands\Server\rewrite.php(47): require_once('D:\\company profile\\dkcraft.kadinkotamalang.com\\dkcraft.kadinkotamalang.com\\36\\public\\index.php')
INFO - 2024-08-06 08:34:22 --> CSRF token verified.
INFO - 2024-08-06 08:34:22 --> Session: Class initialized using 'CodeIgniter\Session\Handlers\FileHandler' driver.
INFO - 2024-08-06 08:34:23 --> Session: Class initialized using 'CodeIgniter\Session\Handlers\FileHandler' driver.
INFO - 2024-08-06 08:34:26 --> CSRF token verified.
INFO - 2024-08-06 08:34:26 --> Session: Class initialized using 'CodeIgniter\Session\Handlers\FileHandler' driver.
INFO - 2024-08-06 08:34:26 --> Session: Class initialized using 'CodeIgniter\Session\Handlers\FileHandler' driver.
INFO - 2024-08-06 08:34:39 --> Session: Class initialized using 'CodeIgniter\Session\Handlers\FileHandler' driver.
INFO - 2024-08-06 08:43:40 --> Session: Class initialized using 'CodeIgniter\Session\Handlers\FileHandler' driver.
INFO - 2024-08-06 08:45:27 --> Session: Class initialized using 'CodeIgniter\Session\Handlers\FileHandler' driver.
INFO - 2024-08-06 08:45:32 --> Session: Class initialized using 'CodeIgniter\Session\Handlers\FileHandler' driver.
CRITICAL - 2024-08-06 08:45:32 --> Attempt to read property "id_aktivitas" on null
in APPPATH\Views\admin\aktivitas\edit.php on line 11.
 1 APPPATH\Views\admin\aktivitas\edit.php(11): CodeIgniter\Debug\Exceptions->errorHandler(2, 'Attempt to read property "id_aktivitas" on null', 'D:\\company profile\\dkcraft.kadinkotamalang.com\\dkcraft.kadinkotamalang.com\\36\\app\\Views\\admin\\aktivitas\\edit.php', 11)
 2 SYSTEMPATH\View\View.php(224): include('D:\\company profile\\dkcraft.kadinkotamalang.com\\dkcraft.kadinkotamalang.com\\36\\app\\Views\\admin\\aktivitas\\edit.php')
 3 SYSTEMPATH\View\View.php(227): CodeIgniter\View\View->CodeIgniter\View\{closure}()
 4 SYSTEMPATH\Common.php(1180): CodeIgniter\View\View->render('admin/aktivitas/edit', [], true)
 5 APPPATH\Controllers\admin\Aktivitas.php(102): view('admin/aktivitas/edit', [...])
 6 SYSTEMPATH\CodeIgniter.php(932): App\Controllers\admin\Aktivitas->edit('favicon.ico')
 7 SYSTEMPATH\CodeIgniter.php(497): CodeIgniter\CodeIgniter->runController(Object(App\Controllers\admin\Aktivitas))
 8 SYSTEMPATH\CodeIgniter.php(366): CodeIgniter\CodeIgniter->handleRequest(null, Object(Config\Cache), false)
 9 FCPATH\index.php(67): CodeIgniter\CodeIgniter->run()
10 SYSTEMPATH\Commands\Server\rewrite.php(47): require_once('D:\\company profile\\dkcraft.kadinkotamalang.com\\dkcraft.kadinkotamalang.com\\36\\public\\index.php')
INFO - 2024-08-06 08:46:11 --> CSRF token verified.
INFO - 2024-08-06 15:46:11 --> Session: Class initialized using 'CodeIgniter\Session\Handlers\FileHandler' driver.
INFO - 2024-08-06 08:46:11 --> Session: Class initialized using 'CodeIgniter\Session\Handlers\FileHandler' driver.
INFO - 2024-08-06 08:46:17 --> Session: Class initialized using 'CodeIgniter\Session\Handlers\FileHandler' driver.
INFO - 2024-08-06 08:46:20 --> Session: Class initialized using 'CodeIgniter\Session\Handlers\FileHandler' driver.
INFO - 2024-08-06 08:46:23 --> Session: Class initialized using 'CodeIgniter\Session\Handlers\FileHandler' driver.
INFO - 2024-08-06 08:57:47 --> Session: Class initialized using 'CodeIgniter\Session\Handlers\FileHandler' driver.
